[2017-Jan-11 00:00:02] ==================================================
[2017-Jan-11 00:00:02] Token Loop : 4usg4UfewM
[2017-Jan-11 00:00:02] ==================================================
[2017-Jan-11 00:00:03] subject : Please enable international call for no. 063 217 0840
[2017-Jan-11 00:00:03] from_name : kritsada.noraset@ihg.com
[2017-Jan-11 00:00:03] mail_to_server_date : 2017-01-10 23:55:48
[2017-Jan-11 00:00:03] token loop : 4usg4UfewM
[2017-Jan-11 00:00:03] ==================================================
[2017-Jan-11 00:00:05] subject : Re: ขอใบแจ้งค่าบริการ
[2017-Jan-11 00:00:05] from_name : varangkana.artngim@groupm.com
[2017-Jan-11 00:00:05] mail_to_server_date : 2017-01-10 23:58:10
[2017-Jan-11 00:00:05] token loop : 4usg4UfewM
[2017-Jan-11 00:00:05] ==================================================
[2017-Jan-11 00:05:02] ==================================================
[2017-Jan-11 00:05:02] Token Loop : lEzyKs23gJ
[2017-Jan-11 00:05:02] ==================================================
[2017-Jan-11 00:20:02] ==================================================
[2017-Jan-11 00:20:02] Token Loop : tdaiTTRcqx
[2017-Jan-11 00:20:02] ==================================================
[2017-Jan-11 00:20:02] subject : ตอบกลับค่ะ =11มค 2560 = ขอสอบถาม Package(s) การโทรออกค่ะ
[2017-Jan-11 00:20:02] from_name : ckanyasiri@hotmail.com
[2017-Jan-11 00:20:02] mail_to_server_date : 2017-01-11 00:15:28
[2017-Jan-11 00:20:02] token loop : tdaiTTRcqx
[2017-Jan-11 00:20:02] ==================================================
[2017-Jan-11 06:55:02] ==================================================
[2017-Jan-11 06:55:02] Token Loop : 2V2XdfxHc2
[2017-Jan-11 06:55:02] ==================================================
[2017-Jan-11 06:55:02] subject : RE: Data and Voice Roaming in Hong Kong
[2017-Jan-11 06:55:02] from_name : girasri.chitratsenee@pfizer.com
[2017-Jan-11 06:55:02] mail_to_server_date : 2017-01-11 06:51:42
[2017-Jan-11 06:55:02] token loop : 2V2XdfxHc2
[2017-Jan-11 06:55:02] ==================================================
[2017-Jan-11 07:00:02] ==================================================
[2017-Jan-11 07:00:02] Token Loop : EhweLoyEkk
[2017-Jan-11 07:00:02] ==================================================
[2017-Jan-11 07:00:02] subject : Voice and SMS Package for Yangon, Myanmar
[2017-Jan-11 07:00:02] from_name : girasri.chitratsenee@pfizer.com
[2017-Jan-11 07:00:02] mail_to_server_date : 2017-01-11 06:57:00
[2017-Jan-11 07:00:02] token loop : EhweLoyEkk
[2017-Jan-11 07:00:02] ==================================================
[2017-Jan-11 08:15:02] ==================================================
[2017-Jan-11 08:15:02] Token Loop : zcBaq4V7xO
[2017-Jan-11 08:15:02] ==================================================
[2017-Jan-11 08:15:02] subject : สรุปยอดค่าบริการสำหรับหมายเลข ที่จดทะเบียนในนาม บริษัท ฮิไรเซมิสึ (ประเทศไทย) จำกัด คะ
[2017-Jan-11 08:15:02] from_name : khwanhatai.nuch@hiraiseimitsu-th.com
[2017-Jan-11 08:15:02] mail_to_server_date : 2017-01-11 08:12:02
[2017-Jan-11 08:15:02] token loop : zcBaq4V7xO
[2017-Jan-11 08:15:02] ==================================================
[2017-Jan-11 08:15:04] subject : Message Recall Failure: ใบเสร็จรับเงิน/ใบกำกับภาษี /ใบแจ้งหนี้ ยังไม่ได้รับคะ
[2017-Jan-11 08:15:04] from_name : sunisasr@ais.co.th
[2017-Jan-11 08:15:04] mail_to_server_date : 2017-01-11 08:14:09
[2017-Jan-11 08:15:04] token loop : zcBaq4V7xO
[2017-Jan-11 08:15:04] ==================================================
[2017-Jan-11 08:15:05] subject : Message Recall Failure: Open roaming and internet for 3 mobiles phone during 11-13 Jan 2017 ( 8:AM to 8:PM ) 
[2017-Jan-11 08:15:05] from_name : sunisasr@ais.co.th
[2017-Jan-11 08:15:05] mail_to_server_date : 2017-01-11 08:14:09
[2017-Jan-11 08:15:05] token loop : zcBaq4V7xO
[2017-Jan-11 08:15:05] ==================================================
[2017-Jan-11 08:35:01] ==================================================
[2017-Jan-11 08:35:01] Token Loop : iIeJ7uvuEI
[2017-Jan-11 08:35:01] ==================================================
[2017-Jan-11 08:35:02] subject : ขอสมัคร Package ประเทศลาว  ของหมายเลข 081 – 3744678 , 089 - 9334737  ระหว่างวันที่  12  ม.ค  60  ( จำนวน  1  วัน )  
[2017-Jan-11 08:35:02] from_name : maneerat.p@irpc.co.th
[2017-Jan-11 08:35:02] mail_to_server_date : 2017-01-11 08:32:54
[2017-Jan-11 08:35:02] token loop : iIeJ7uvuEI
[2017-Jan-11 08:35:02] ==================================================
[2017-Jan-11 08:40:02] ==================================================
[2017-Jan-11 08:40:02] Token Loop : xSMfP878TX
[2017-Jan-11 08:40:02] ==================================================
[2017-Jan-11 08:40:03] subject : Data Package for Phone No.  090-880-8199
[2017-Jan-11 08:40:03] from_name : sutee.thienlikit@th.ey.com
[2017-Jan-11 08:40:03] mail_to_server_date : 2017-01-11 08:35:08
[2017-Jan-11 08:40:03] token loop : xSMfP878TX
[2017-Jan-11 08:40:03] ==================================================
[2017-Jan-11 08:40:04] subject : Apply unlimited Data Roaming to Philippines
[2017-Jan-11 08:40:04] from_name : chutchai.chaiyarat@mitsubishicorp.com
[2017-Jan-11 08:40:04] mail_to_server_date : 2017-01-11 08:37:59
[2017-Jan-11 08:40:04] token loop : xSMfP878TX
[2017-Jan-11 08:40:04] ==================================================
[2017-Jan-11 08:50:02] ==================================================
[2017-Jan-11 08:50:02] Token Loop : GZzyFczsOb
[2017-Jan-11 08:50:02] ==================================================
[2017-Jan-11 08:50:02] subject : RE: แจ้งปัญหาตู้  Disconnect ช่วงตี 2  ของวันที่ 10/01/2017 ของสัญญาณในเขตพื้นที่  ชัยภูมิ  นครราชสีมา  
[2017-Jan-11 08:50:02] from_name : surarakw@ais.co.th
[2017-Jan-11 08:50:02] mail_to_server_date : 2017-01-11 08:46:55
[2017-Jan-11 08:50:02] token loop : GZzyFczsOb
[2017-Jan-11 08:50:02] ==================================================
[2017-Jan-11 08:50:04] subject : แจ้งระงับสัญญาณชั่วคราว มีผลทันทีค่ะ
[2017-Jan-11 08:50:04] from_name : ktsunshine3@gmail.com
[2017-Jan-11 08:50:04] mail_to_server_date : 2017-01-11 08:47:22
[2017-Jan-11 08:50:04] token loop : GZzyFczsOb
[2017-Jan-11 08:50:04] ==================================================
[2017-Jan-11 08:50:05] subject : Roaming AIS
[2017-Jan-11 08:50:05] from_name : alexandre.goncalves@valeo.com
[2017-Jan-11 08:50:05] mail_to_server_date : 2017-01-11 08:48:33
[2017-Jan-11 08:50:05] token loop : GZzyFczsOb
[2017-Jan-11 08:50:05] ==================================================
[2017-Jan-11 08:55:04] ==================================================
[2017-Jan-11 08:55:04] Token Loop : 1p53s7uxSH
[2017-Jan-11 08:55:04] ==================================================
[2017-Jan-11 08:55:05] subject : Roaming Package for Asian Honda Motor (11/01/2017) - 1
[2017-Jan-11 08:55:05] from_name : chontich@honda.th.com
[2017-Jan-11 08:55:05] mail_to_server_date : 2017-01-11 08:54:15
[2017-Jan-11 08:55:05] token loop : 1p53s7uxSH
[2017-Jan-11 08:55:05] ==================================================
[2017-Jan-11 09:00:04] ==================================================
[2017-Jan-11 09:00:04] Token Loop : Ruk1u6Oits
[2017-Jan-11 09:00:04] ==================================================
[2017-Jan-11 09:00:04] subject : ตอบกลับ : AIS_ขอทราบ กลุ่ม Region  จำนวน 1 หมายเลขครับ 
[2017-Jan-11 09:00:04] from_name : operation-solution@ais.co.th
[2017-Jan-11 09:00:04] mail_to_server_date : 2017-01-11 08:55:28
[2017-Jan-11 09:00:04] token loop : Ruk1u6Oits
[2017-Jan-11 09:00:04] ==================================================
[2017-Jan-11 09:00:06] subject : RE: ขอข้อมูลสรุปค่าบริการหมายเลขในนามบริษัท เจเอฟอี สตีล กัลวาไนซิ่ง (ประเทศไทย) ทั้งหมด
[2017-Jan-11 09:00:06] from_name : suticha@jsgt.co.th
[2017-Jan-11 09:00:06] mail_to_server_date : 2017-01-11 08:57:34
[2017-Jan-11 09:00:06] token loop : Ruk1u6Oits
[2017-Jan-11 09:00:06] ==================================================
[2017-Jan-11 09:00:08] subject : CITICONNECT transaction paid to Advance Wireless Network on 10.01.2017
[2017-Jan-11 09:00:08] from_name : suwimol_j@singaporeair.com.sg
[2017-Jan-11 09:00:08] mail_to_server_date : 2017-01-11 08:58:31
[2017-Jan-11 09:00:08] token loop : Ruk1u6Oits
[2017-Jan-11 09:00:08] ==================================================
[2017-Jan-11 09:05:05] ==================================================
[2017-Jan-11 09:05:05] Token Loop : HKsx4hYYxo
[2017-Jan-11 09:05:05] ==================================================
[2017-Jan-11 09:05:06] subject : RE: Data Roaming Package (Singapore 16 Jan.2016)
[2017-Jan-11 09:05:06] from_name : ct_chanikarn.s@pttac.com
[2017-Jan-11 09:05:06] mail_to_server_date : 2017-01-11 09:01:13
[2017-Jan-11 09:05:06] token loop : HKsx4hYYxo
[2017-Jan-11 09:05:06] ==================================================
[2017-Jan-11 09:05:10] subject : FW: Please provide Mobile data roaming package for my mobile +6684 454 5495
[2017-Jan-11 09:05:10] from_name : adcharapornv@chevron.com
[2017-Jan-11 09:05:10] mail_to_server_date : 2017-01-11 09:01:51
[2017-Jan-11 09:05:10] token loop : HKsx4hYYxo
[2017-Jan-11 09:05:10] ==================================================
[2017-Jan-11 09:05:14] subject : Activate Roaming for 081-372-9967: Laos (12 Jan, 17)
[2017-Jan-11 09:05:14] from_name : saowarot.n@cimbthai.com
[2017-Jan-11 09:05:14] mail_to_server_date : 2017-01-11 09:02:44
[2017-Jan-11 09:05:14] token loop : HKsx4hYYxo
[2017-Jan-11 09:05:14] ==================================================
[2017-Jan-11 09:05:18] subject : FW: สรุปยอดค่าบริการสำหรับหมายเลขในนามบริษัท วอลเคโน เทค (ไทยแลนด์) จำกัด
[2017-Jan-11 09:05:18] from_name : nattidas@volcano.co.th
[2017-Jan-11 09:05:18] mail_to_server_date : 2017-01-11 09:03:29
[2017-Jan-11 09:05:18] token loop : HKsx4hYYxo
[2017-Jan-11 09:05:18] ==================================================
[2017-Jan-11 09:05:23] subject : RE: 【Apply Call/Data Roaming】Naito san , Koyama san business trip to Singapore and Malaysia 11-13 Jan 17
[2017-Jan-11 09:05:23] from_name : parida.cha@nissan.co.th
[2017-Jan-11 09:05:23] mail_to_server_date : 2017-01-11 09:03:43
[2017-Jan-11 09:05:23] token loop : HKsx4hYYxo
[2017-Jan-11 09:05:23] ==================================================
[2017-Jan-11 09:10:04] ==================================================
[2017-Jan-11 09:10:04] Token Loop : YuOlT2dcZL
[2017-Jan-11 09:10:04] ==================================================
[2017-Jan-11 09:10:05] subject : พบปัญหาการเช็คข้อมูลผ่านหน้า Business Portal 
[2017-Jan-11 09:10:05] from_name : cda_support@candoall.co.th
[2017-Jan-11 09:10:05] mail_to_server_date : 2017-01-11 09:05:18
[2017-Jan-11 09:10:05] token loop : YuOlT2dcZL
[2017-Jan-11 09:10:05] ==================================================
[2017-Jan-11 09:10:10] subject : Sim card 
[2017-Jan-11 09:10:10] from_name : kankhanit@nagase.co.th
[2017-Jan-11 09:10:10] mail_to_server_date : 2017-01-11 09:07:08
[2017-Jan-11 09:10:10] token loop : YuOlT2dcZL
[2017-Jan-11 09:10:10] ==================================================
[2017-Jan-11 09:10:14] subject : RE: แจ้งปัญหาตู้  Disconnect ช่วงตี 2  ของวันที่ 10/01/2017 ของสัญญาณในเขตพื้นที่  ชัยภูมิ  นครราชสีมา  
[2017-Jan-11 09:10:14] from_name : somsakso@ais.co.th
[2017-Jan-11 09:10:14] mail_to_server_date : 2017-01-11 09:07:49
[2017-Jan-11 09:10:14] token loop : YuOlT2dcZL
[2017-Jan-11 09:10:14] ==================================================
[2017-Jan-11 09:15:02] ==================================================
[2017-Jan-11 09:15:02] Token Loop : D1bZkS6vu2
[2017-Jan-11 09:15:02] ==================================================
[2017-Jan-11 09:15:02] subject : Re: ขอใบแจ้งค่าบริการ
[2017-Jan-11 09:15:02] from_name : varangkana.artngim@groupm.com
[2017-Jan-11 09:15:02] mail_to_server_date : 2017-01-11 09:10:28
[2017-Jan-11 09:15:02] token loop : D1bZkS6vu2
[2017-Jan-11 09:15:02] ==================================================
[2017-Jan-11 09:15:04] subject : สอบถามโปรโมชั่น และราคาต่อเดือน
[2017-Jan-11 09:15:04] from_name : fm_hr@mundo.co.th
[2017-Jan-11 09:15:04] mail_to_server_date : 2017-01-11 09:12:11
[2017-Jan-11 09:15:04] token loop : D1bZkS6vu2
[2017-Jan-11 09:15:04] ==================================================
[2017-Jan-11 09:15:06] subject : EXTREMELY URGENT - Request GPRS package roaming in Myanmar on Dec. 11 - 13 // Kunal C
[2017-Jan-11 09:15:06] from_name : thanistha_poolcharoen@colpal.com
[2017-Jan-11 09:15:06] mail_to_server_date : 2017-01-11 09:10:58
[2017-Jan-11 09:15:06] token loop : D1bZkS6vu2
[2017-Jan-11 09:15:06] ==================================================
[2017-Jan-11 09:20:02] ==================================================
[2017-Jan-11 09:20:02] Token Loop : ZsOchjitP2
[2017-Jan-11 09:20:02] ==================================================
[2017-Jan-11 09:20:03] subject : Delivery Status Notification (Failure)
[2017-Jan-11 09:20:03] from_name : mailer_daemon@ais.co.th
[2017-Jan-11 09:20:03] mail_to_server_date : 2017-01-11 09:19:11
[2017-Jan-11 09:20:03] token loop : ZsOchjitP2
[2017-Jan-11 09:20:03] ==================================================
[2017-Jan-11 09:25:02] ==================================================
[2017-Jan-11 09:25:02] Token Loop : MCBdVRz7jl
[2017-Jan-11 09:25:02] ==================================================
[2017-Jan-11 09:25:02] subject : Fwd: ปิด Data และเปิดบริการ Package Roam Like Home Zone2
[2017-Jan-11 09:25:02] from_name : manitw@ais.co.th
[2017-Jan-11 09:25:02] mail_to_server_date : 2017-01-11 09:20:53
[2017-Jan-11 09:25:02] token loop : MCBdVRz7jl
[2017-Jan-11 09:25:02] ==================================================
[2017-Jan-11 09:25:04] subject : RE: Voice and SMS Package for Yangon, Myanmar
[2017-Jan-11 09:25:04] from_name : girasri.chitratsenee@pfizer.com
[2017-Jan-11 09:25:04] mail_to_server_date : 2017-01-11 09:21:14
[2017-Jan-11 09:25:04] token loop : MCBdVRz7jl
[2017-Jan-11 09:25:04] ==================================================
[2017-Jan-11 09:25:05] subject : Fw: ขอซิมการ์ดใหม่ สาขาอุดรธานี
[2017-Jan-11 09:25:05] from_name : anchalec@scb.co.th
[2017-Jan-11 09:25:05] mail_to_server_date : 2017-01-11 09:20:22
[2017-Jan-11 09:25:05] token loop : MCBdVRz7jl
[2017-Jan-11 09:25:05] ==================================================
[2017-Jan-11 09:25:08] subject : เรื่องขอเปลีี่ยนแปลงชื่อและที่อยู่ตามภาษีมูลค่าเพิ่ม เป็น บริษัทโตโยต้าเบสท์ ผู้จำหน่ายโตโยต้า จำกัด 434 ม.8 ถ.นิตโย ต.พัโคน อ.พังโคน จ.สกลนคร 47160 สาขาที่ 00001
[2017-Jan-11 09:25:08] from_name : tay.8630@gmail.com
[2017-Jan-11 09:25:08] mail_to_server_date : 2017-01-11 09:23:59
[2017-Jan-11 09:25:08] token loop : MCBdVRz7jl
[2017-Jan-11 09:25:08] ==================================================
[2017-Jan-11 09:30:01] ==================================================
[2017-Jan-11 09:30:01] Token Loop : mFGBje9WaQ
[2017-Jan-11 09:30:01] ==================================================
[2017-Jan-11 09:30:02] subject : แจ้งเปิดสัญญาณ 2 เบอร์ มีผลทันทีค่ะ เนื่องจากอยู่ในระหว่างทดสอบอุปกรณ์แปลงสัญญาณ
[2017-Jan-11 09:30:02] from_name : patsawan.p@creaturelab.co.th
[2017-Jan-11 09:30:02] mail_to_server_date : 2017-01-11 09:27:01
[2017-Jan-11 09:30:02] token loop : mFGBje9WaQ
[2017-Jan-11 09:30:02] ==================================================
[2017-Jan-11 09:30:05] subject : FW: ติดต่อรับเครื่องโทรศัพท์: contact phone for GKP1_GKP2
[2017-Jan-11 09:30:05] from_name : anchalee@gulf.co.th
[2017-Jan-11 09:30:05] mail_to_server_date : 2017-01-11 09:25:28
[2017-Jan-11 09:30:05] token loop : mFGBje9WaQ
[2017-Jan-11 09:30:05] ==================================================
[2017-Jan-11 09:30:07] subject : Cancellation : Data Package 061 402 0573
[2017-Jan-11 09:30:07] from_name : nucharee@tipcoasphalt.com
[2017-Jan-11 09:30:07] mail_to_server_date : 2017-01-11 09:29:05
[2017-Jan-11 09:30:07] token loop : mFGBje9WaQ
[2017-Jan-11 09:30:07] ==================================================
[2017-Jan-11 09:30:09] subject : Re: ขอใบเสร็จ
[2017-Jan-11 09:30:09] from_name : fashionpoppop@hotmail.com
[2017-Jan-11 09:30:09] mail_to_server_date : 2017-01-11 09:29:06
[2017-Jan-11 09:30:09] token loop : mFGBje9WaQ
[2017-Jan-11 09:30:09] ==================================================
[2017-Jan-11 09:35:01] ==================================================
[2017-Jan-11 09:35:01] Token Loop : gXZ2UaBdKV
[2017-Jan-11 09:35:01] ==================================================
[2017-Jan-11 09:35:01] subject : ตอบกลับ: ขอใบลดหนี้ บริษัท ปริ๊นเซสฟูดส์ จำกัด
[2017-Jan-11 09:35:01] from_name : ac_pcf@hotmail.com
[2017-Jan-11 09:35:01] mail_to_server_date : 2017-01-11 09:30:37
[2017-Jan-11 09:35:01] token loop : gXZ2UaBdKV
[2017-Jan-11 09:35:01] ==================================================
[2017-Jan-11 09:35:03] subject : Request for data roaming no.084-439-3571 in Laos,Cambodia
[2017-Jan-11 09:35:03] from_name : p_chanaporn@tripetch-isuzu.co.th
[2017-Jan-11 09:35:03] mail_to_server_date : 2017-01-11 09:34:04
[2017-Jan-11 09:35:03] token loop : gXZ2UaBdKV
[2017-Jan-11 09:35:03] ==================================================
[2017-Jan-11 09:45:02] ==================================================
[2017-Jan-11 09:45:02] Token Loop : epA7bQ7iUJ
[2017-Jan-11 09:45:02] ==================================================
[2017-Jan-11 09:45:02] subject : [ Report-Activity East ]  :  Activity ที่ดำเนินการ คืนวันอังคารที่ 10 มกราคม 2560 ถึงเช้าวันพุธที่ 11 มกราคม 2560 <เวลา 23:00 – 06:00 น.>
[2017-Jan-11 09:45:02] from_name : thanapsa@ais.co.th
[2017-Jan-11 09:45:02] mail_to_server_date : 2017-01-11 09:42:35
[2017-Jan-11 09:45:02] token loop : epA7bQ7iUJ
[2017-Jan-11 09:45:02] ==================================================
[2017-Jan-11 09:45:04] subject : Delivery Status Notification (Failure)
[2017-Jan-11 09:45:04] from_name : mailer_daemon@ais.co.th
[2017-Jan-11 09:45:04] mail_to_server_date : 2017-01-11 09:43:52
[2017-Jan-11 09:45:04] token loop : epA7bQ7iUJ
[2017-Jan-11 09:45:04] ==================================================
[2017-Jan-11 09:50:01] ==================================================
[2017-Jan-11 09:50:01] Token Loop : DVA52GWUBe
[2017-Jan-11 09:50:01] ==================================================
[2017-Jan-11 09:50:02] subject : RE: AIS Business contact : แจ้งปัญหาสัญญาณ
[2017-Jan-11 09:50:02] from_name : tawan@dm-home.com
[2017-Jan-11 09:50:02] mail_to_server_date : 2017-01-11 09:45:53
[2017-Jan-11 09:50:02] token loop : DVA52GWUBe
[2017-Jan-11 09:50:02] ==================================================
[2017-Jan-11 09:55:02] ==================================================
[2017-Jan-11 09:55:02] Token Loop : ua7MhfmSGp
[2017-Jan-11 09:55:02] ==================================================
[2017-Jan-11 09:55:03] subject : RE: Revised Quotation MVPN Contract Phone and Airtime_Siam Premier International Law Office
[2017-Jan-11 09:55:03] from_name : orawan@siampremier.com
[2017-Jan-11 09:55:03] mail_to_server_date : 2017-01-11 09:51:56
[2017-Jan-11 09:55:03] token loop : ua7MhfmSGp
[2017-Jan-11 09:55:03] ==================================================
[2017-Jan-11 09:55:04] subject : FW: สรุปยอดค่าบริการในนามบริษัท แซมซั่น คอนโทรลส์ จำกัด 
[2017-Jan-11 09:55:04] from_name : supattra@samson.co.th
[2017-Jan-11 09:55:04] mail_to_server_date : 2017-01-11 09:51:19
[2017-Jan-11 09:55:04] token loop : ua7MhfmSGp
[2017-Jan-11 09:55:04] ==================================================
[2017-Jan-11 09:55:06] subject : Re: ขอรายละเอียดโปรโมชั่น 4G Maxspeed / 4G Multi
[2017-Jan-11 09:55:06] from_name : thawornl@tatasteelthailand.com
[2017-Jan-11 09:55:06] mail_to_server_date : 2017-01-11 09:51:56
[2017-Jan-11 09:55:06] token loop : ua7MhfmSGp
[2017-Jan-11 09:55:06] ==================================================
[2017-Jan-11 09:55:08] subject : Message Recall Failure: Please approve VoiceSMS and data roaming for my trip to Pilippines 11-12-Jan-17==>Pls. apply package
[2017-Jan-11 09:55:08] from_name : teerasau@ais.co.th
[2017-Jan-11 09:55:08] mail_to_server_date : 2017-01-11 09:53:20
[2017-Jan-11 09:55:08] token loop : ua7MhfmSGp
[2017-Jan-11 09:55:08] ==================================================
[2017-Jan-11 09:55:09] subject : Message Recall Failure: Please approve VoiceSMS and data roaming for my trip to Pilippines 11-12-Jan-17==>Pls. apply package
[2017-Jan-11 09:55:09] from_name : teerasau@ais.co.th
[2017-Jan-11 09:55:09] mail_to_server_date : 2017-01-11 09:53:21
[2017-Jan-11 09:55:09] token loop : ua7MhfmSGp
[2017-Jan-11 09:55:09] ==================================================
[2017-Jan-11 09:55:11] subject : Message Recall Failure: แจ้งเปิดสัญญาณ 2 เบอร์ มีผลทันทีค่ะ เนื่องจากอยู่ในระหว่างทดสอบอุปกรณ์แปลงสัญญาณ
[2017-Jan-11 09:55:11] from_name : sunisasr@ais.co.th
[2017-Jan-11 09:55:11] mail_to_server_date : 2017-01-11 09:53:50
[2017-Jan-11 09:55:11] token loop : ua7MhfmSGp
[2017-Jan-11 09:55:11] ==================================================
[2017-Jan-11 09:55:13] subject : แจ้งเปลี่ยนชื่อ นามสกุล ผู้ดูแลบริษัท นิเด็ด-รีด (ประเทศไทย) จำกัด
[2017-Jan-11 09:55:13] from_name : l.chayanit@nidec-read.co.th
[2017-Jan-11 09:55:13] mail_to_server_date : 2017-01-11 09:53:32
[2017-Jan-11 09:55:13] token loop : ua7MhfmSGp
[2017-Jan-11 09:55:13] ==================================================
[2017-Jan-11 09:55:15] subject : Delivery Status Notification (Failure)
[2017-Jan-11 09:55:15] from_name : mailer_daemon@ais.co.th
[2017-Jan-11 09:55:15] mail_to_server_date : 2017-01-11 09:54:59
[2017-Jan-11 09:55:15] token loop : ua7MhfmSGp
[2017-Jan-11 09:55:15] ==================================================
[2017-Jan-11 10:00:02] ==================================================
[2017-Jan-11 10:00:02] Token Loop : jGMZ20Raah
[2017-Jan-11 10:00:02] ==================================================
[2017-Jan-11 10:00:02] subject : Re: EXTREMELY URGENT - Request GPRS package roaming in Myanmar on Dec. 11 - 13 // Kunal C -- add 1 day (Jan 14'17)
[2017-Jan-11 10:00:02] from_name : thanistha_poolcharoen@colpal.com
[2017-Jan-11 10:00:02] mail_to_server_date : 2017-01-11 09:58:48
[2017-Jan-11 10:00:02] token loop : jGMZ20Raah
[2017-Jan-11 10:00:02] ==================================================
[2017-Jan-11 10:00:04] subject : แจ้งเปิด data roaming 
[2017-Jan-11 10:00:04] from_name : pusanisa.la@rhbgroup.com
[2017-Jan-11 10:00:04] mail_to_server_date : 2017-01-11 10:00:04
[2017-Jan-11 10:00:04] token loop : jGMZ20Raah
[2017-Jan-11 10:00:04] ==================================================
[2017-Jan-11 10:10:02] ==================================================
[2017-Jan-11 10:10:02] Token Loop : Bsvd4jw6qg
[2017-Jan-11 10:10:02] ==================================================
[2017-Jan-11 10:10:03] subject : Delivery Status Notification (Failure)
[2017-Jan-11 10:10:03] from_name : mailer-daemon@ais.co.th
[2017-Jan-11 10:10:03] mail_to_server_date : 2017-01-11 10:08:02
[2017-Jan-11 10:10:03] token loop : Bsvd4jw6qg
[2017-Jan-11 10:10:03] ==================================================
[2017-Jan-11 10:10:04] subject : subscribe IR Package of number  0818195770 (MR.PRAVIT  PRAKITSRI)
[2017-Jan-11 10:10:04] from_name : daorunees@mitrphol.com
[2017-Jan-11 10:10:04] mail_to_server_date : 2017-01-11 10:08:34
[2017-Jan-11 10:10:04] token loop : Bsvd4jw6qg
[2017-Jan-11 10:10:04] ==================================================
[2017-Jan-11 10:10:06] subject : RE: บริษัทดีสุวรรณ รีสอร์ท/สอบถามข้อมูล ขอความช่วยเหลือ
[2017-Jan-11 10:10:06] from_name : it@mercurekohchang.com
[2017-Jan-11 10:10:06] mail_to_server_date : 2017-01-11 10:09:25
[2017-Jan-11 10:10:06] token loop : Bsvd4jw6qg
[2017-Jan-11 10:10:06] ==================================================
[2017-Jan-11 10:15:02] ==================================================
[2017-Jan-11 10:15:02] Token Loop : wsfPHOhcku
[2017-Jan-11 10:15:02] ==================================================
[2017-Jan-11 10:15:02] subject : ขอแบบฟอร์มการยกเลิกหมายเลขหน่อยค่ะ
[2017-Jan-11 10:15:02] from_name : pi_monkae@hotmail.com
[2017-Jan-11 10:15:02] mail_to_server_date : 2017-01-11 10:14:14
[2017-Jan-11 10:15:02] token loop : wsfPHOhcku
[2017-Jan-11 10:15:02] ==================================================
[2017-Jan-11 10:20:01] ==================================================
[2017-Jan-11 10:20:01] Token Loop : gLq28MEJWT
[2017-Jan-11 10:20:01] ==================================================
[2017-Jan-11 10:20:02] subject : แจ้งเปิดสัญญาณ 1 เบอร์  0818373941 มีผลทันทีค่ะ เนื่องจากอยู่ในระหว่างทดสอบอุปกรณ์แปลงสัญญาณ
[2017-Jan-11 10:20:02] from_name : patsawan.p@creaturelab.co.th
[2017-Jan-11 10:20:02] mail_to_server_date : 2017-01-11 10:18:31
[2017-Jan-11 10:20:02] token loop : gLq28MEJWT
[2017-Jan-11 10:20:02] ==================================================
[2017-Jan-11 10:25:01] ==================================================
[2017-Jan-11 10:25:01] Token Loop : A2eAQWMkf6
[2017-Jan-11 10:25:01] ==================================================
[2017-Jan-11 10:25:01] subject : RE: ขอยอดบิล ทั้งหมด ของ บริษัท จัสต์ ดู อิท
[2017-Jan-11 10:25:01] from_name : phajongporn.s@jdi.co.th
[2017-Jan-11 10:25:01] mail_to_server_date : 2017-01-11 10:21:00
[2017-Jan-11 10:25:01] token loop : A2eAQWMkf6
[2017-Jan-11 10:25:01] ==================================================
[2017-Jan-11 10:25:03] subject : 0982572814 ขิเพิ่มวงเงินค่าโทร จากเดิมอีก 500.- ขอบคุณค่ะ
[2017-Jan-11 10:25:03] from_name : jaruyporn.r@seic.co.th
[2017-Jan-11 10:25:03] mail_to_server_date : 2017-01-11 10:23:32
[2017-Jan-11 10:25:03] token loop : A2eAQWMkf6
[2017-Jan-11 10:25:03] ==================================================
[2017-Jan-11 10:35:02] ==================================================
[2017-Jan-11 10:35:02] Token Loop : gdVCdtvBDa
[2017-Jan-11 10:35:02] ==================================================
[2017-Jan-11 10:35:02] subject : 0816927612 - รบกวนขอ package การใช้งานในประเทศจีนด้วยค่ะ,ขอบคุณค่ะ
[2017-Jan-11 10:35:02] from_name : napapatp@pttep.com
[2017-Jan-11 10:35:02] mail_to_server_date : 2017-01-11 10:31:58
[2017-Jan-11 10:35:02] token loop : gdVCdtvBDa
[2017-Jan-11 10:35:02] ==================================================
[2017-Jan-11 10:35:04] subject : RE: 0816927612 - รบกวนขอ package การใช้งานในประเทศจีนด้วยค่ะ,ขอบคุณค่ะ
[2017-Jan-11 10:35:04] from_name : napapatp@pttep.com
[2017-Jan-11 10:35:04] mail_to_server_date : 2017-01-11 10:33:51
[2017-Jan-11 10:35:04] token loop : gdVCdtvBDa
[2017-Jan-11 10:35:04] ==================================================
[2017-Jan-11 10:40:01] ==================================================
[2017-Jan-11 10:40:01] Token Loop : vr4hbkfg5Z
[2017-Jan-11 10:40:01] ==================================================
[2017-Jan-11 10:40:02] subject : AIS:รบกวนช่วยตรวจสอบ BLACKLIST ร้านค้า บ.เจมาโก จก. เลขที่ทะเบียน RG0105531039254 ค่ะ
[2017-Jan-11 10:40:02] from_name : edc_po@kasikornbank.com
[2017-Jan-11 10:40:02] mail_to_server_date : 2017-01-11 10:30:06
[2017-Jan-11 10:40:02] token loop : vr4hbkfg5Z
[2017-Jan-11 10:40:02] ==================================================
[2017-Jan-11 10:50:02] ==================================================
[2017-Jan-11 10:50:02] Token Loop : aENBIJUgUL
[2017-Jan-11 10:50:02] ==================================================
[2017-Jan-11 10:50:02] subject : FW: แจ้งผลดำเนินการ ขยายวงเงิน หมายเลข 0632040841 เพื่อบริษัท แชฟฟ์เลอร์ (ประเทศไทย) จำกัด เป็น 20,000 บาท 
[2017-Jan-11 10:50:02] from_name : nanthsra@schaeffler.com
[2017-Jan-11 10:50:02] mail_to_server_date : 2017-01-11 10:46:52
[2017-Jan-11 10:50:02] token loop : aENBIJUgUL
[2017-Jan-11 10:50:02] ==================================================
[2017-Jan-11 10:50:04] subject : Open roaming package to Japan 
[2017-Jan-11 10:50:04] from_name : tippawan-t@hitachi-capital.co.th
[2017-Jan-11 10:50:04] mail_to_server_date : 2017-01-11 10:47:26
[2017-Jan-11 10:50:04] token loop : aENBIJUgUL
[2017-Jan-11 10:50:04] ==================================================
[2017-Jan-11 10:55:01] ==================================================
[2017-Jan-11 10:55:01] Token Loop : IuViaxK4ma
[2017-Jan-11 10:55:01] ==================================================
[2017-Jan-11 10:55:02] subject : (JCOM) Sticker for AIS Serenade 0817502395
[2017-Jan-11 10:55:02] from_name : butthan@jcommunication-th.com
[2017-Jan-11 10:55:02] mail_to_server_date : 2017-01-11 10:50:32
[2017-Jan-11 10:55:02] token loop : IuViaxK4ma
[2017-Jan-11 10:55:02] ==================================================
[2017-Jan-11 10:55:04] subject : ขอเช็ค 085 488 8279
[2017-Jan-11 10:55:04] from_name : glouy123@yahoo.co.th
[2017-Jan-11 10:55:04] mail_to_server_date : 2017-01-11 10:52:13
[2017-Jan-11 10:55:04] token loop : IuViaxK4ma
[2017-Jan-11 10:55:04] ==================================================
[2017-Jan-11 10:55:05] subject : FW: สรุปโปรโมชั่นและแนะนำโปรโมชั่น 
[2017-Jan-11 10:55:05] from_name : samer.bu@greatplc.com
[2017-Jan-11 10:55:05] mail_to_server_date : 2017-01-11 10:46:41
[2017-Jan-11 10:55:05] token loop : IuViaxK4ma
[2017-Jan-11 10:55:05] ==================================================
[2017-Jan-11 10:55:07] subject : **Malaysia Apply Internet Roaming 16Jan-17Jan 17(Takahashi-san)
[2017-Jan-11 10:55:07] from_name : phimphloi.p@denso.co.th
[2017-Jan-11 10:55:07] mail_to_server_date : 2017-01-11 10:52:46
[2017-Jan-11 10:55:07] token loop : IuViaxK4ma
[2017-Jan-11 10:55:07] ==================================================
[2017-Jan-11 10:55:09] subject : ตอบกลับ: ขอแจ้งผลการต่อโปรโมชั่น ของหมายเลข 08 15663635
[2017-Jan-11 10:55:09] from_name : kulyaphat@hotmail.com
[2017-Jan-11 10:55:09] mail_to_server_date : 2017-01-11 10:53:11
[2017-Jan-11 10:55:09] token loop : IuViaxK4ma
[2017-Jan-11 10:55:09] ==================================================
[2017-Jan-11 11:05:02] ==================================================
[2017-Jan-11 11:05:02] Token Loop : Q2yyglqdrA
[2017-Jan-11 11:05:02] ==================================================
[2017-Jan-11 11:05:02] subject : RE: แจ้งผลดำเนินการ ขยายวงเงิน หมายเลข 0632040841 เพื่อบริษัท แชฟฟ์เลอร์ (ประเทศไทย) จำกัด เป็น 20,000 บาท 
[2017-Jan-11 11:05:02] from_name : jirawat@ais-sme.com
[2017-Jan-11 11:05:02] mail_to_server_date : 2017-01-11 11:01:35
[2017-Jan-11 11:05:02] token loop : Q2yyglqdrA
[2017-Jan-11 11:05:02] ==================================================
[2017-Jan-11 11:10:02] ==================================================
[2017-Jan-11 11:10:02] Token Loop : mquRNzOyBX
[2017-Jan-11 11:10:02] ==================================================
[2017-Jan-11 11:10:03] subject : Delivery Status Notification (Failure)
[2017-Jan-11 11:10:03] from_name : mailer_daemon@ais.co.th
[2017-Jan-11 11:10:03] mail_to_server_date : 2017-01-11 11:05:12
[2017-Jan-11 11:10:03] token loop : mquRNzOyBX
[2017-Jan-11 11:10:03] ==================================================
[2017-Jan-11 11:10:04] subject : Delivery Status Notification (Failure)
[2017-Jan-11 11:10:04] from_name : mailer-daemon@ais.co.th
[2017-Jan-11 11:10:04] mail_to_server_date : 2017-01-11 11:07:32
[2017-Jan-11 11:10:04] token loop : mquRNzOyBX
[2017-Jan-11 11:10:04] ==================================================
[2017-Jan-11 11:10:07] subject : RE: Apply Data Roaming (Seq. 862) 
[2017-Jan-11 11:10:07] from_name : parichat.s@ttcl.com
[2017-Jan-11 11:10:07] mail_to_server_date : 2017-01-11 11:07:44
[2017-Jan-11 11:10:07] token loop : mquRNzOyBX
[2017-Jan-11 11:10:07] ==================================================
[2017-Jan-11 11:10:10] subject : แจ้งเปลี่ยนชื่อบริษัท จาก APEX MARITIME (THAILAND) CO.,LTD. เป็น K-APEX LOGISTICS (THAILAND) CO.,LTD. มีผล 1 ก.พ.60
[2017-Jan-11 11:10:10] from_name : khemmanath@apexmaritime.co.th
[2017-Jan-11 11:10:10] mail_to_server_date : 2017-01-11 11:08:13
[2017-Jan-11 11:10:10] token loop : mquRNzOyBX
[2017-Jan-11 11:10:10] ==================================================
[2017-Jan-11 11:15:09] ==================================================
[2017-Jan-11 11:15:09] Token Loop : DMhjio0RMg
[2017-Jan-11 11:15:09] ==================================================
[2017-Jan-11 11:15:09] subject : Re: Activate Roaming for 085-440-5995: Laos (12-13 Jan, 17)
[2017-Jan-11 11:15:09] from_name : saowarot.n@cimbthai.com
[2017-Jan-11 11:15:09] mail_to_server_date : 2017-01-11 11:09:48
[2017-Jan-11 11:15:09] token loop : DMhjio0RMg
[2017-Jan-11 11:15:09] ==================================================
[2017-Jan-11 11:15:11] subject : RE: ขอซิมใหม่เบอร์เดิม
[2017-Jan-11 11:15:11] from_name : operation_support5@ais.co.th
[2017-Jan-11 11:15:11] mail_to_server_date : 2017-01-11 11:11:05
[2017-Jan-11 11:15:11] token loop : DMhjio0RMg
[2017-Jan-11 11:15:11] ==================================================
[2017-Jan-11 11:15:13] subject :  ขอดูแพคเกจค่าโทรและ Data ของประเทศอินโดนีเซีย
[2017-Jan-11 11:15:13] from_name : suchamuy@scg.co.th
[2017-Jan-11 11:15:13] mail_to_server_date : 2017-01-11 11:13:06
[2017-Jan-11 11:15:13] token loop : DMhjio0RMg
[2017-Jan-11 11:15:13] ==================================================
[2017-Jan-11 11:20:02] ==================================================
[2017-Jan-11 11:20:02] Token Loop : zTQmJbzWYo
[2017-Jan-11 11:20:02] ==================================================
[2017-Jan-11 11:20:03] subject : Delivery Status Notification (Failure)
[2017-Jan-11 11:20:03] from_name : mailer-daemon@ais.co.th
[2017-Jan-11 11:20:03] mail_to_server_date : 2017-01-11 11:17:16
[2017-Jan-11 11:20:03] token loop : zTQmJbzWYo
[2017-Jan-11 11:20:03] ==================================================
[2017-Jan-11 11:20:04] subject : ขอเปิดใช้บริการ roaming data and voice ที่หมายเลข 089-0460596
[2017-Jan-11 11:20:04] from_name : nonglukp@siamtinplate.co.th
[2017-Jan-11 11:20:04] mail_to_server_date : 2017-01-11 11:17:58
[2017-Jan-11 11:20:04] token loop : zTQmJbzWYo
[2017-Jan-11 11:20:04] ==================================================
[2017-Jan-11 11:20:06] subject : Request for data roaming no. 063-203-5800,063-203-5801(i-Pad) in Japan
[2017-Jan-11 11:20:06] from_name : p_chanaporn@tripetch-isuzu.co.th
[2017-Jan-11 11:20:06] mail_to_server_date : 2017-01-11 11:18:25
[2017-Jan-11 11:20:06] token loop : zTQmJbzWYo
[2017-Jan-11 11:20:06] ==================================================
[2017-Jan-11 11:25:02] ==================================================
[2017-Jan-11 11:25:02] Token Loop : oHyt23skGo
[2017-Jan-11 11:25:02] ==================================================
[2017-Jan-11 11:25:02] subject : Re: Roaming Package(s) Subscription Confirmation
[2017-Jan-11 11:25:02] from_name : ntomiyama@honda.th.com
[2017-Jan-11 11:25:02] mail_to_server_date : 2017-01-11 11:21:38
[2017-Jan-11 11:25:02] token loop : oHyt23skGo
[2017-Jan-11 11:25:02] ==================================================
[2017-Jan-11 11:25:04] subject : Re: Fw: ขอใช้บริการเปิด โรมมิ่ง เปิดใช้งานทั้งสองสัญญาณ (Roaming) 
[2017-Jan-11 11:25:04] from_name : saowarot.n@cimbthai.com
[2017-Jan-11 11:25:04] mail_to_server_date : 2017-01-11 11:22:22
[2017-Jan-11 11:25:04] token loop : oHyt23skGo
[2017-Jan-11 11:25:04] ==================================================
[2017-Jan-11 11:30:02] ==================================================
[2017-Jan-11 11:30:02] Token Loop : GfSrvrHoXl
[2017-Jan-11 11:30:02] ==================================================
[2017-Jan-11 11:30:02] subject : Delivery Status Notification (Failure)
[2017-Jan-11 11:30:02] from_name : mailer-daemon@ais.co.th
[2017-Jan-11 11:30:02] mail_to_server_date : 2017-01-11 11:27:09
[2017-Jan-11 11:30:02] token loop : GfSrvrHoXl
[2017-Jan-11 11:30:02] ==================================================
[2017-Jan-11 11:35:04] ==================================================
[2017-Jan-11 11:35:04] Token Loop : Ze2mcyfl6c
[2017-Jan-11 11:35:04] ==================================================
[2017-Jan-11 11:35:04] subject : Sender Tesco_CC
[2017-Jan-11 11:35:04] from_name : pavarit@cheesemobile.com
[2017-Jan-11 11:35:04] mail_to_server_date : 2017-01-11 11:29:54
[2017-Jan-11 11:35:04] token loop : Ze2mcyfl6c
[2017-Jan-11 11:35:04] ==================================================
[2017-Jan-11 11:35:07] subject : RE: ใบแนบแสดงโปรโมชั้น+ใบแจ้งหนี้ AIS
[2017-Jan-11 11:35:07] from_name : ppa@skov.dk
[2017-Jan-11 11:35:07] mail_to_server_date : 2017-01-11 11:31:15
[2017-Jan-11 11:35:07] token loop : Ze2mcyfl6c
[2017-Jan-11 11:35:07] ==================================================
[2017-Jan-11 11:35:10] subject : ขอยกเลิกการชำระค่าบริการฯ ที่ผ่านระบบบัญชีธนาคารกสิกรไทยของบริษัท
[2017-Jan-11 11:35:10] from_name : pnk.supaporn@gmail.com
[2017-Jan-11 11:35:10] mail_to_server_date : 2017-01-11 11:30:30
[2017-Jan-11 11:35:10] token loop : Ze2mcyfl6c
[2017-Jan-11 11:35:10] ==================================================
[2017-Jan-11 11:35:12] subject : Data Roaming -Vietnam
[2017-Jan-11 11:35:12] from_name : lalidath@pcs.co.th
[2017-Jan-11 11:35:12] mail_to_server_date : 2017-01-11 11:33:25
[2017-Jan-11 11:35:12] token loop : Ze2mcyfl6c
[2017-Jan-11 11:35:12] ==================================================
[2017-Jan-11 11:35:14] subject : สมัครแพ็คเกจเดินทางต่างประเทศ
[2017-Jan-11 11:35:14] from_name : nok_nittaya@isavalue.com
[2017-Jan-11 11:35:14] mail_to_server_date : 2017-01-11 11:32:37
[2017-Jan-11 11:35:14] token loop : Ze2mcyfl6c
[2017-Jan-11 11:35:14] ==================================================
[2017-Jan-11 11:40:02] ==================================================
[2017-Jan-11 11:40:02] Token Loop : 6ka8aWTsnl
[2017-Jan-11 11:40:02] ==================================================
[2017-Jan-11 11:40:03] subject : รบกวนตรวจสอบ เบอร์ 061-423-5000
[2017-Jan-11 11:40:03] from_name : pathavee.s@ktc.co.th
[2017-Jan-11 11:40:03] mail_to_server_date : 2017-01-11 11:38:28
[2017-Jan-11 11:40:03] token loop : 6ka8aWTsnl
[2017-Jan-11 11:40:03] ==================================================
[2017-Jan-11 11:50:02] ==================================================
[2017-Jan-11 11:50:02] Token Loop : eneyjKJlhu
[2017-Jan-11 11:50:02] ==================================================
[2017-Jan-11 11:50:03] subject : ขอเปลี่ยนแปลงทีอยู่ใหม่ค่ะ
[2017-Jan-11 11:50:03] from_name : nuu6670cm@gmail.com
[2017-Jan-11 11:50:03] mail_to_server_date : 2017-01-11 11:44:22
[2017-Jan-11 11:50:03] token loop : eneyjKJlhu
[2017-Jan-11 11:50:03] ==================================================
[2017-Jan-11 11:50:05] subject : สมัครแพ็กเกจ Roam Like Home ของเบอร์โทร 081-906-1488 ของบริษัท แอคเครเทค (ประเทศไทย) จำกัด
[2017-Jan-11 11:50:05] from_name : atchariya@accretechthai.com
[2017-Jan-11 11:50:05] mail_to_server_date : 2017-01-11 11:45:20
[2017-Jan-11 11:50:05] token loop : eneyjKJlhu
[2017-Jan-11 11:50:05] ==================================================
[2017-Jan-11 11:50:07] subject : หนังสือแจ้งความประสงค์
[2017-Jan-11 11:50:07] from_name : phatka20@gmail.com
[2017-Jan-11 11:50:07] mail_to_server_date : 2017-01-11 11:46:48
[2017-Jan-11 11:50:07] token loop : eneyjKJlhu
[2017-Jan-11 11:50:07] ==================================================
[2017-Jan-11 11:50:08] subject : RE: Revised and additional call roaming request for Sanada san in Jan 17
[2017-Jan-11 11:50:08] from_name : parida.cha@nissan.co.th
[2017-Jan-11 11:50:08] mail_to_server_date : 2017-01-11 11:49:04
[2017-Jan-11 11:50:08] token loop : eneyjKJlhu
[2017-Jan-11 11:50:08] ==================================================
[2017-Jan-11 11:50:09] subject : AIS_แจ้งรบกวน Change Sim 3 รายการ **ขอด่วนมากที่สุดค่ะ**
[2017-Jan-11 11:50:09] from_name : neraprepare2@gmail.com
[2017-Jan-11 11:50:09] mail_to_server_date : 2017-01-11 11:49:07
[2017-Jan-11 11:50:09] token loop : eneyjKJlhu
[2017-Jan-11 11:50:09] ==================================================
[2017-Jan-11 11:55:01] ==================================================
[2017-Jan-11 11:55:01] Token Loop : nHjmQLu0BO
[2017-Jan-11 11:55:01] ==================================================
[2017-Jan-11 11:55:02] subject : เปิด Internet package Malaysia trip during  11-13 Jan'17 and 17-20 Jan'17
[2017-Jan-11 11:55:02] from_name : chalida_t@bst.co.th
[2017-Jan-11 11:55:02] mail_to_server_date : 2017-01-11 11:51:50
[2017-Jan-11 11:55:02] token loop : nHjmQLu0BO
[2017-Jan-11 11:55:02] ==================================================
[2017-Jan-11 12:05:01] ==================================================
[2017-Jan-11 12:05:01] Token Loop : iidzpZXRd7
[2017-Jan-11 12:05:01] ==================================================
[2017-Jan-11 12:05:02] subject : Re: ขอความอนุเคราะห์ > เพื่อตรวจสอบการส่ง OTP ของ MISS TANESHA TAMARA ALLEN
[2017-Jan-11 12:05:02] from_name : sermkiat.sungthongjeen@krungsri.com
[2017-Jan-11 12:05:02] mail_to_server_date : 2017-01-11 12:00:20
[2017-Jan-11 12:05:02] token loop : iidzpZXRd7
[2017-Jan-11 12:05:02] ==================================================
[2017-Jan-11 12:05:04] subject : AIS_แจ้งตรวจสอบสถานะ SIM 7 หมายเลขค่ะ *** ขอด่วนมากที่สุดค่ะ ***
[2017-Jan-11 12:05:04] from_name : neraprepare2@gmail.com
[2017-Jan-11 12:05:04] mail_to_server_date : 2017-01-11 12:03:19
[2017-Jan-11 12:05:04] token loop : iidzpZXRd7
[2017-Jan-11 12:05:04] ==================================================
[2017-Jan-11 12:20:01] ==================================================
[2017-Jan-11 12:20:01] Token Loop : nCfGy4WPUA
[2017-Jan-11 12:20:01] ==================================================
[2017-Jan-11 12:20:02] subject : Delivery Status Notification (Failure)
[2017-Jan-11 12:20:02] from_name : mailer-daemon@ais.co.th
[2017-Jan-11 12:20:02] mail_to_server_date : 2017-01-11 12:19:27
[2017-Jan-11 12:20:02] token loop : nCfGy4WPUA
[2017-Jan-11 12:20:02] ==================================================
[2017-Jan-11 12:25:02] ==================================================
[2017-Jan-11 12:25:02] Token Loop : CjmRWut67H
[2017-Jan-11 12:25:02] ==================================================
[2017-Jan-11 12:25:02] subject : CCUB: 083 989 1902 - Data roaming package; Manila on 15-16 Jan 2017 / Singapore on 17-22 Jan 2017 (0010023-0021951)
[2017-Jan-11 12:25:02] from_name : chananchida.padungpornworakul@allenovery.com
[2017-Jan-11 12:25:02] mail_to_server_date : 2017-01-11 12:23:36
[2017-Jan-11 12:25:02] token loop : CjmRWut67H
[2017-Jan-11 12:25:02] ==================================================
[2017-Jan-11 12:50:01] ==================================================
[2017-Jan-11 12:50:01] Token Loop : TQW0wVU2VW
[2017-Jan-11 12:50:01] ==================================================
[2017-Jan-11 12:50:02] subject : RE: ขอดูแพคเกจค่าโทรและ Data ของประเทศอินโดนีเซีย
[2017-Jan-11 12:50:02] from_name : siratrat@scg.co.th
[2017-Jan-11 12:50:02] mail_to_server_date : 2017-01-11 12:48:43
[2017-Jan-11 12:50:02] token loop : TQW0wVU2VW
[2017-Jan-11 12:50:02] ==================================================
[2017-Jan-11 12:55:02] ==================================================
[2017-Jan-11 12:55:02] Token Loop : pu5q8PkyRM
[2017-Jan-11 12:55:02] ==================================================
[2017-Jan-11 12:55:03] subject : RE: ขอรายละเอียดโปรโมชั่น 4G Maxspeed / 4G Multi
[2017-Jan-11 12:55:03] from_name : anchaler@ais.co.th
[2017-Jan-11 12:55:03] mail_to_server_date : 2017-01-11 12:51:38
[2017-Jan-11 12:55:03] token loop : pu5q8PkyRM
[2017-Jan-11 12:55:03] ==================================================
[2017-Jan-11 13:00:01] ==================================================
[2017-Jan-11 13:00:01] Token Loop : gdVQHfTwFa
[2017-Jan-11 13:00:01] ==================================================
[2017-Jan-11 13:00:02] subject : RE: เปิด Internet package Malaysia trip during  11-13 Jan'17 and 17-20 Jan'17
[2017-Jan-11 13:00:02] from_name : parinya_l@bst.co.th
[2017-Jan-11 13:00:02] mail_to_server_date : 2017-01-11 12:57:26
[2017-Jan-11 13:00:02] token loop : gdVQHfTwFa
[2017-Jan-11 13:00:02] ==================================================
[2017-Jan-11 13:00:02] subject : รายละเอียดเลขหมาย cbcings
[2017-Jan-11 13:00:02] from_name : supapit@cbcings-thai.com
[2017-Jan-11 13:00:02] mail_to_server_date : 2017-01-11 12:56:01
[2017-Jan-11 13:00:02] token loop : gdVQHfTwFa
[2017-Jan-11 13:00:02] ==================================================
[2017-Jan-11 13:00:04] subject : DELIVERY FAILURE: Error delivering to Piya Phatanan/PO/KBANK; Router: Database disk quota exceeded
[2017-Jan-11 13:00:04] from_name : postmaster@kasikornbank.com
[2017-Jan-11 13:00:04] mail_to_server_date : 2017-01-11 12:59:18
[2017-Jan-11 13:00:04] token loop : gdVQHfTwFa
[2017-Jan-11 13:00:04] ==================================================
[2017-Jan-11 13:05:01] ==================================================
[2017-Jan-11 13:05:01] Token Loop : HEOjDzXeFK
[2017-Jan-11 13:05:01] ==================================================
[2017-Jan-11 13:05:02] subject : Delivery Status Notification (Failure)
[2017-Jan-11 13:05:02] from_name : mailer_daemon@ais.co.th
[2017-Jan-11 13:05:02] mail_to_server_date : 2017-01-11 13:02:15
[2017-Jan-11 13:05:02] token loop : HEOjDzXeFK
[2017-Jan-11 13:05:02] ==================================================
[2017-Jan-11 13:10:02] ==================================================
[2017-Jan-11 13:10:02] Token Loop : lmEWIptSkQ
[2017-Jan-11 13:10:02] ==================================================
[2017-Jan-11 13:10:02] subject : Open roaming:  CRUZ/EDWARD 063-230-9305 / AMY: 063-267-4235
[2017-Jan-11 13:10:02] from_name : sunantha.kantajan@jti.com
[2017-Jan-11 13:10:02] mail_to_server_date : 2017-01-11 13:06:15
[2017-Jan-11 13:10:02] token loop : lmEWIptSkQ
[2017-Jan-11 13:10:02] ==================================================
[2017-Jan-11 13:15:02] ==================================================
[2017-Jan-11 13:15:02] Token Loop : VyBfTvt4HQ
[2017-Jan-11 13:15:02] ==================================================
[2017-Jan-11 13:15:03] subject : RE: สมัครแพ็กเกจ Roam Like Home ของเบอร์โทร 081-906-1488 ของบริษัท แอคเครเทค (ประเทศไทย) จำกัด
[2017-Jan-11 13:15:03] from_name : atchariya@accretechthai.com
[2017-Jan-11 13:15:03] mail_to_server_date : 2017-01-11 13:13:02
[2017-Jan-11 13:15:03] token loop : VyBfTvt4HQ
[2017-Jan-11 13:15:03] ==================================================
[2017-Jan-11 13:15:04] subject : รบกวน change sim 14 หมายเลข 		
[2017-Jan-11 13:15:04] from_name : pairot.sukrun@nera.net
[2017-Jan-11 13:15:04] mail_to_server_date : 2017-01-11 13:14:35
[2017-Jan-11 13:15:04] token loop : VyBfTvt4HQ
[2017-Jan-11 13:15:04] ==================================================
[2017-Jan-11 13:30:02] ==================================================
[2017-Jan-11 13:30:02] Token Loop : xSdoXuzGHt
[2017-Jan-11 13:30:02] ==================================================
[2017-Jan-11 13:30:02] subject : RE: รบกวนขอเปิด Data Roaming for K.Thanawat & K.Yingluk 
[2017-Jan-11 13:30:02] from_name : thitarew@ais.co.th
[2017-Jan-11 13:30:02] mail_to_server_date : 2017-01-11 13:22:56
[2017-Jan-11 13:30:02] token loop : xSdoXuzGHt
[2017-Jan-11 13:30:02] ==================================================
[2017-Jan-11 13:30:04] subject : Delivery Status Notification (Failure)
[2017-Jan-11 13:30:04] from_name : mailer_daemon@ais.co.th
[2017-Jan-11 13:30:04] mail_to_server_date : 2017-01-11 13:25:05
[2017-Jan-11 13:30:04] token loop : xSdoXuzGHt
[2017-Jan-11 13:30:04] ==================================================
[2017-Jan-11 13:30:06] subject : RE: Roaming Package(s) Subscription Confirmation
[2017-Jan-11 13:30:06] from_name : prasai.k@muangthaiinsurance.com
[2017-Jan-11 13:30:06] mail_to_server_date : 2017-01-11 13:26:46
[2017-Jan-11 13:30:06] token loop : xSdoXuzGHt
[2017-Jan-11 13:30:06] ==================================================
[2017-Jan-11 13:35:01] ==================================================
[2017-Jan-11 13:35:01] Token Loop : nId7YcYofZ
[2017-Jan-11 13:35:01] ==================================================
[2017-Jan-11 13:35:02] subject : แก้ไขที่อยู่ใบแจ้งหนี้
[2017-Jan-11 13:35:02] from_name : soontorn.m@kasikornbank.com
[2017-Jan-11 13:35:02] mail_to_server_date : 2017-01-11 13:30:22
[2017-Jan-11 13:35:02] token loop : nId7YcYofZ
[2017-Jan-11 13:35:02] ==================================================
[2017-Jan-11 13:35:03] subject : Data roaming for SMJ : 081 837 3424 & 081 371 0430 and 80 minutes voice services / 16 Jan to 23 Jan 2017 / unlimited / London-UK (0010023-0021951)
[2017-Jan-11 13:35:03] from_name : chananchida.padungpornworakul@allenovery.com
[2017-Jan-11 13:35:03] mail_to_server_date : 2017-01-11 13:34:41
[2017-Jan-11 13:35:03] token loop : nId7YcYofZ
[2017-Jan-11 13:35:03] ==================================================
[2017-Jan-11 13:40:01] ==================================================
[2017-Jan-11 13:40:01] Token Loop : RvUQvyGt0L
[2017-Jan-11 13:40:01] ==================================================
[2017-Jan-11 13:40:02] subject : ตอบกลับ : AIS_แจ้งรบกวน Change Sim 3 รายการ **ขอด่วนมากที่สุดค่ะ**
[2017-Jan-11 13:40:02] from_name : operation-solution@ais.co.th
[2017-Jan-11 13:40:02] mail_to_server_date : 2017-01-11 13:36:33
[2017-Jan-11 13:40:02] token loop : RvUQvyGt0L
[2017-Jan-11 13:40:02] ==================================================
[2017-Jan-11 13:40:03] subject : RE: ขอเปิด roaming ค่ะ
[2017-Jan-11 13:40:03] from_name : parida.cha@nissan.co.th
[2017-Jan-11 13:40:03] mail_to_server_date : 2017-01-11 13:36:54
[2017-Jan-11 13:40:03] token loop : RvUQvyGt0L
[2017-Jan-11 13:40:03] ==================================================
[2017-Jan-11 13:45:01] ==================================================
[2017-Jan-11 13:45:01] Token Loop : kQ4VHOJZfq
[2017-Jan-11 13:45:01] ==================================================
[2017-Jan-11 13:45:02] subject : RE: Add Authorized Person
[2017-Jan-11 13:45:02] from_name : maysayat@ais.co.th
[2017-Jan-11 13:45:02] mail_to_server_date : 2017-01-11 13:44:47
[2017-Jan-11 13:45:02] token loop : kQ4VHOJZfq
[2017-Jan-11 13:45:02] ==================================================
[2017-Jan-11 13:50:02] ==================================================
[2017-Jan-11 13:50:02] Token Loop : Hscg7msiKZ
[2017-Jan-11 13:50:02] ==================================================
[2017-Jan-11 13:50:02] subject : Re: AIS:รบกวนช่วยตรวจสอบ BLACKLIST ร้านค้า บ.เจมาโก จก. เลขที่ทะเบียน RG0105531039254 ค่ะ
[2017-Jan-11 13:50:02] from_name : edc_po@kasikornbank.com
[2017-Jan-11 13:50:02] mail_to_server_date : 2017-01-11 13:45:07
[2017-Jan-11 13:50:02] token loop : Hscg7msiKZ
[2017-Jan-11 13:50:02] ==================================================
[2017-Jan-11 13:50:04] subject : ขอทราบ user & password สำหรับ package wifi
[2017-Jan-11 13:50:04] from_name : purchase@bangkokstemcell.org
[2017-Jan-11 13:50:04] mail_to_server_date : 2017-01-11 13:48:47
[2017-Jan-11 13:50:04] token loop : Hscg7msiKZ
[2017-Jan-11 13:50:04] ==================================================
[2017-Jan-11 13:55:02] ==================================================
[2017-Jan-11 13:55:02] Token Loop : wVHE0atWiT
[2017-Jan-11 13:55:02] ==================================================
[2017-Jan-11 13:55:02] subject : แจ้งยกบริการเสริมทุกรายการ หมายเลข 081-7554738
[2017-Jan-11 13:55:02] from_name : panpaka.einkaew@bangkoksteel.co.th
[2017-Jan-11 13:55:02] mail_to_server_date : 2017-01-11 13:52:20
[2017-Jan-11 13:55:02] token loop : wVHE0atWiT
[2017-Jan-11 13:55:02] ==================================================
[2017-Jan-11 13:55:03] subject : RE: 0816927612 - รบกวนขอ package การใช้งานในประเทศจีนด้วยค่ะ,ขอบคุณค่ะ
[2017-Jan-11 13:55:03] from_name : sasikanr@pttep.com
[2017-Jan-11 13:55:03] mail_to_server_date : 2017-01-11 13:54:42
[2017-Jan-11 13:55:03] token loop : wVHE0atWiT
[2017-Jan-11 13:55:03] ==================================================
[2017-Jan-11 14:00:02] ==================================================
[2017-Jan-11 14:00:02] Token Loop : giesANfTlB
[2017-Jan-11 14:00:02] ==================================================
[2017-Jan-11 14:00:02] subject : (JCOM) Additional Service
[2017-Jan-11 14:00:02] from_name : butthan@jcommunication-th.com
[2017-Jan-11 14:00:02] mail_to_server_date : 2017-01-11 13:55:29
[2017-Jan-11 14:00:02] token loop : giesANfTlB
[2017-Jan-11 14:00:02] ==================================================
[2017-Jan-11 14:00:04] subject : รบกวน change sim  จำนวน 4 หมายเลข 
[2017-Jan-11 14:00:04] from_name : pairot.sukrun@nera.net
[2017-Jan-11 14:00:04] mail_to_server_date : 2017-01-11 13:57:23
[2017-Jan-11 14:00:04] token loop : giesANfTlB
[2017-Jan-11 14:00:04] ==================================================
[2017-Jan-11 14:00:05] subject : RE: AIS Business contact
[2017-Jan-11 14:00:05] from_name : kitchan@shinetown.com.hk
[2017-Jan-11 14:00:05] mail_to_server_date : 2017-01-11 13:59:06
[2017-Jan-11 14:00:05] token loop : giesANfTlB
[2017-Jan-11 14:00:05] ==================================================
[2017-Jan-11 14:47:00] ==================================================
[2017-Jan-11 14:47:00] Token Loop : AVIDBajEca
[2017-Jan-11 14:47:00] ==================================================
[2017-Jan-11 14:47:00] subject : แจ้งได้รับ SIM ที่จัดส่งให้และขอ Active SIM 
[2017-Jan-11 14:47:00] from_name : thanyarat.h@pan-group.com
[2017-Jan-11 14:47:00] mail_to_server_date : 2017-01-11 14:18:47
[2017-Jan-11 14:47:00] token loop : AVIDBajEca
[2017-Jan-11 14:47:00] ==================================================
[2017-Jan-11 14:47:02] subject : AIS_แจ้งรบกวน Change Sim 1 รายการ (60106216 ) **ขอด่วนค่ะ**
[2017-Jan-11 14:47:02] from_name : atchara.boonprasert@nera.net
[2017-Jan-11 14:47:02] mail_to_server_date : 2017-01-11 14:08:27
[2017-Jan-11 14:47:02] token loop : AVIDBajEca
[2017-Jan-11 14:47:02] ==================================================
[2017-Jan-11 14:47:04] subject : Diageo Data roaming number 086-965-5366
[2017-Jan-11 14:47:04] from_name : kalyaphas.meewattana@diageo.com
[2017-Jan-11 14:47:04] mail_to_server_date : 2017-01-11 14:08:56
[2017-Jan-11 14:47:04] token loop : AVIDBajEca
[2017-Jan-11 14:47:04] ==================================================
[2017-Jan-11 14:47:05] subject : RE: Activate new SIM card 1Jan 10:41am
[2017-Jan-11 14:47:05] from_name : pasakorn.nimmannit@unilever.com
[2017-Jan-11 14:47:05] mail_to_server_date : 2017-01-11 14:09:47
[2017-Jan-11 14:47:05] token loop : AVIDBajEca
[2017-Jan-11 14:47:05] ==================================================
[2017-Jan-11 14:47:07] subject : RE: Many trucks status not update in system
[2017-Jan-11 14:47:07] from_name : songtham.ruengchaicharnkit@dhl.com
[2017-Jan-11 14:47:07] mail_to_server_date : 2017-01-11 14:08:07
[2017-Jan-11 14:47:07] token loop : AVIDBajEca
[2017-Jan-11 14:47:07] ==================================================
[2017-Jan-11 14:47:09] subject : ไม่สามารถส่ง: IGT : แจ้งปัญหาสัญญาณ SIM AIS ใช้งานไม่ได้
[2017-Jan-11 14:47:09] from_name : microsoftexchange329e71ec88ae4615bbc36ab6ce41109e@ais.co.th
[2017-Jan-11 14:47:09] mail_to_server_date : 2017-01-11 14:12:58
[2017-Jan-11 14:47:09] token loop : AVIDBajEca
[2017-Jan-11 14:47:09] ==================================================
[2017-Jan-11 14:47:11] subject : Re: สรุปยอดค่าบริการ ของ บริษัท อีทีจี อินชัวรันส์ โบรคเกอร์ จำกัด
[2017-Jan-11 14:47:11] from_name : danai_k9@hotmail.com
[2017-Jan-11 14:47:11] mail_to_server_date : 2017-01-11 14:13:18
[2017-Jan-11 14:47:11] token loop : AVIDBajEca
[2017-Jan-11 14:47:11] ==================================================
[2017-Jan-11 14:47:12] subject : Vietnam and Singapore Roaming Packages 
[2017-Jan-11 14:47:12] from_name : niramon.nuntasukon@dhl.com
[2017-Jan-11 14:47:12] mail_to_server_date : 2017-01-11 14:13:44
[2017-Jan-11 14:47:12] token loop : AVIDBajEca
[2017-Jan-11 14:47:12] ==================================================
[2017-Jan-11 14:47:14] subject : ปิด Data และเปิดบริการ Package Roam Like Home Zone2
[2017-Jan-11 14:47:14] from_name : naruemol.palgavong@siampharmaceutical.com
[2017-Jan-11 14:47:14] mail_to_server_date : 2017-01-11 14:24:20
[2017-Jan-11 14:47:14] token loop : AVIDBajEca
[2017-Jan-11 14:47:14] ==================================================
[2017-Jan-11 14:47:16] subject : สอบถามสถานะการหักเงินผ่านบัญชี ในนามบ.ออย สเททส์(ไทยแลนด์) จำกัด
[2017-Jan-11 14:47:16] from_name : ninya.chaiyalak@oilstates.com
[2017-Jan-11 14:47:16] mail_to_server_date : 2017-01-11 14:23:42
[2017-Jan-11 14:47:16] token loop : AVIDBajEca
[2017-Jan-11 14:47:16] ==================================================
[2017-Jan-11 14:47:17] subject : RE: Data roaming package 18-21/1/17
[2017-Jan-11 14:47:17] from_name : pornwarin.thongin@bollore.com
[2017-Jan-11 14:47:17] mail_to_server_date : 2017-01-11 14:27:23
[2017-Jan-11 14:47:17] token loop : AVIDBajEca
[2017-Jan-11 14:47:17] ==================================================
[2017-Jan-11 14:47:19] subject : RE: รบกวน change sim  จำนวน 4 หมายเลข 
[2017-Jan-11 14:47:19] from_name : operation_support2@ais.co.th
[2017-Jan-11 14:47:19] mail_to_server_date : 2017-01-11 14:27:29
[2017-Jan-11 14:47:19] token loop : AVIDBajEca
[2017-Jan-11 14:47:19] ==================================================
[2017-Jan-11 14:47:21] subject : RE: Data roaming package 15-17/1/17
[2017-Jan-11 14:47:21] from_name : pornwarin.thongin@bollore.com
[2017-Jan-11 14:47:21] mail_to_server_date : 2017-01-11 14:29:21
[2017-Jan-11 14:47:21] token loop : AVIDBajEca
[2017-Jan-11 14:47:21] ==================================================
[2017-Jan-11 14:47:23] subject : RE: Activate new SIM card 1Jan 10:41am
[2017-Jan-11 14:47:23] from_name : operation_support4@ais.co.th
[2017-Jan-11 14:47:23] mail_to_server_date : 2017-01-11 14:30:19
[2017-Jan-11 14:47:23] token loop : AVIDBajEca
[2017-Jan-11 14:47:23] ==================================================
[2017-Jan-11 14:47:25] subject : Re: ขอแจ้งรายละเอียดการสมัคร AIS eBusiness Portal
[2017-Jan-11 14:47:25] from_name : siriwan.do@bosspharmacare.com
[2017-Jan-11 14:47:25] mail_to_server_date : 2017-01-11 14:30:39
[2017-Jan-11 14:47:25] token loop : AVIDBajEca
[2017-Jan-11 14:47:25] ==================================================
[2017-Jan-11 14:47:26] subject : ขอซิมใหม่เบอร์เดิม_110117
[2017-Jan-11 14:47:26] from_name : preecha@nsnetwork.co.th
[2017-Jan-11 14:47:26] mail_to_server_date : 2017-01-11 14:33:56
[2017-Jan-11 14:47:26] token loop : AVIDBajEca
[2017-Jan-11 14:47:26] ==================================================
[2017-Jan-11 14:47:28] subject : RE: แจ้งปัญหาตู้  Disconnect ช่วงตี 2  ของวันที่ 10/01/2017 ของสัญญาณในเขตพื้นที่  ชัยภูมิ  นครราชสีมา  
[2017-Jan-11 14:47:28] from_name : nattaphum_t@forthsmart.co.th
[2017-Jan-11 14:47:28] mail_to_server_date : 2017-01-11 14:37:42
[2017-Jan-11 14:47:28] token loop : AVIDBajEca
[2017-Jan-11 14:47:28] ==================================================
[2017-Jan-11 14:47:30] subject : ขอให้ยกเลิกค่า VAS & บล็อกการกดเบอ 1900 ของ TAP 
[2017-Jan-11 14:47:30] from_name : krisana@tapb.co.th
[2017-Jan-11 14:47:30] mail_to_server_date : 2017-01-11 14:37:41
[2017-Jan-11 14:47:30] token loop : AVIDBajEca
[2017-Jan-11 14:47:30] ==================================================
[2017-Jan-11 14:47:32] subject : Re: AIS_แจ้งตรวจสอบสถานะ SIM 7 หมายเลขค่ะ *** ขอด่วนมากที่สุดค่ะ ***
[2017-Jan-11 14:47:32] from_name : neraprepare2@gmail.com
[2017-Jan-11 14:47:32] mail_to_server_date : 2017-01-11 14:42:06
[2017-Jan-11 14:47:32] token loop : AVIDBajEca
[2017-Jan-11 14:47:32] ==================================================
[2017-Jan-11 14:47:34] subject : ตอบกลับ : AIS_แจ้งตรวจสอบสถานะ SIM 7 หมายเลขค่ะ *** ขอด่วนมากที่สุดค่ะ ***
[2017-Jan-11 14:47:34] from_name : operation-solution@ais.co.th
[2017-Jan-11 14:47:34] mail_to_server_date : 2017-01-11 14:44:34
[2017-Jan-11 14:47:34] token loop : AVIDBajEca
[2017-Jan-11 14:47:34] ==================================================
