[2017-Jan-18 15:47:26] Connection: opening to mailgw.channel.ais.co.th:25, t=300, opt=array (
)
[2017-Jan-18 15:47:26] Connection: opened
[2017-Jan-18 15:47:26] SERVER -> CLIENT: 220 mailgw.channel.ais.co.th ESMTP IceWarp 10.4.5; Wed, 18 Jan 2017 15:47:27 +0700

[2017-Jan-18 15:47:26] CLIENT -> SERVER: EHLO cl1dev.smm.ais.co.th

[2017-Jan-18 15:47:26] SERVER -> CLIENT: 250-mailgw.channel.ais.co.th Hello cl1dev.smm.ais.co.th [10.239.252.63], pleased to meet you.
250-ENHANCEDSTATUSCODES
250-SIZE 10485760
250-EXPN
250-ETRN
250-ATRN
250-DSN
250-CHECKPOINT
250-8BITMIME
250-AUTH PLAIN LOGIN DIGEST-MD5 CRAM-MD5 GSSAPI
250-STARTTLS
250 HELP

[2017-Jan-18 15:47:26] CLIENT -> SERVER: MAIL FROM:<1149test1@ais.co.th>

[2017-Jan-18 15:47:26] SERVER -> CLIENT: 250 2.1.0 <1149test1@ais.co.th>... Sender ok

[2017-Jan-18 15:47:26] CLIENT -> SERVER: RCPT TO:<pathatai@icctech.co.th>

[2017-Jan-18 15:47:26] SERVER -> CLIENT: 550 5.7.1 <pathatai@icctech.co.th>... we do not relay <1149test1@ais.co.th>

[2017-Jan-18 15:47:26] SMTP ERROR: RCPT TO command failed: 550 5.7.1 <pathatai@icctech.co.th>... we do not relay <1149test1@ais.co.th>

[2017-Jan-18 15:47:26] CLIENT -> SERVER: RCPT TO:<1149test3@ais.co.th>

[2017-Jan-18 15:47:26] SERVER -> CLIENT: 250 2.1.5 <@10.13.201.23:1149test3@ais.co.th>... Recipient ok; will forward

[2017-Jan-18 15:47:26] CLIENT -> SERVER: DATA

[2017-Jan-18 15:47:26] SERVER -> CLIENT: 354 Enter mail, end with "." on a line by itself

[2017-Jan-18 15:47:26] CLIENT -> SERVER: Date: Wed, 18 Jan 2017 15:47:26 +0700

[2017-Jan-18 15:47:26] CLIENT -> SERVER: To: pathatai@icctech.co.th

[2017-Jan-18 15:47:26] CLIENT -> SERVER: From: 1149 Corporate Call Center <1149test1@ais.co.th>

[2017-Jan-18 15:47:26] CLIENT -> SERVER: Cc: 1149test3@ais.co.th

[2017-Jan-18 15:47:26] CLIENT -> SERVER: Subject: test email

[2017-Jan-18 15:47:26] CLIENT -> SERVER: Message-ID: <4ed48384f477764a8eb673b807c0aa0d@cl1dev.smm.ais.co.th>

[2017-Jan-18 15:47:26] CLIENT -> SERVER: X-Priority: 3

[2017-Jan-18 15:47:26] CLIENT -> SERVER: X-Mailer: PHPMailer 5.2.9 (https://github.com/PHPMailer/PHPMailer/)

[2017-Jan-18 15:47:26] CLIENT -> SERVER: MIME-Version: 1.0

[2017-Jan-18 15:47:26] CLIENT -> SERVER: Content-Type: multipart/mixed;

[2017-Jan-18 15:47:26] CLIENT -> SERVER: 	boundary="b1_4ed48384f477764a8eb673b807c0aa0d"

[2017-Jan-18 15:47:26] CLIENT -> SERVER: 

[2017-Jan-18 15:47:26] CLIENT -> SERVER: --b1_4ed48384f477764a8eb673b807c0aa0d

[2017-Jan-18 15:47:26] CLIENT -> SERVER: Content-Type: multipart/alternative;

[2017-Jan-18 15:47:26] CLIENT -> SERVER: 	boundary="b2_4ed48384f477764a8eb673b807c0aa0d"

[2017-Jan-18 15:47:26] CLIENT -> SERVER: 

[2017-Jan-18 15:47:26] CLIENT -> SERVER: --b2_4ed48384f477764a8eb673b807c0aa0d

[2017-Jan-18 15:47:26] CLIENT -> SERVER: Content-Type: text/plain; charset=UTF-8

[2017-Jan-18 15:47:26] CLIENT -> SERVER: Content-Transfer-Encoding: base64

[2017-Jan-18 15:47:26] CLIENT -> SERVER: 

[2017-Jan-18 15:47:26] CLIENT -> SERVER: PGRpdgpzdHlsZT0iZm9udC1mYW1pbHk6J3RhaG9tYSc7Zm9udC1zaXplOjEwcHQ7Ij48ZGl2Cmlk

[2017-Jan-18 15:47:26] CLIENT -> SERVER: PSJ0ZW1wbGF0ZV9jb250ZW50Ij4NCjx0YWJsZSBib3JkZXI9IjAiIGNlbGxzcGFjaW5nPSIwIiBj

[2017-Jan-18 15:47:26] CLIENT -> SERVER: ZWxscGFkZGluZz0iMCI+DQo8dGJvZHk+DQo8dHI+DQo8dGQgaWQ9InBpYzEiPjxpbWcKc3JjPSJo

[2017-Jan-18 15:47:26] CLIENT -> SERVER: dHRwOi8vYWN0aXZpdGllcy5haXMuY28udGgvYXBwL2VtYWlsX2ZpbHRlci9pbWdwYWdlLmFzcHg/

[2017-Jan-18 15:47:26] CLIENT -> SERVER: aWQ9OTAxIgphbHQ9IiIgYm9yZGVyPSIwIiAvPjwvdGQ+DQo8L3RyPg0KPC90Ym9keT4NCjwvdGFi

[2017-Jan-18 15:47:26] CLIENT -> SERVER: bGU+DQo8YnIgLz4gdGVzdDwvZGl2Pg0KPGRpdj48YnIgLz4NCjx0YWJsZSBib3JkZXI9IjAiIGNl

[2017-Jan-18 15:47:26] CLIENT -> SERVER: bGxzcGFjaW5nPSIwIiBjZWxscGFkZGluZz0iMCI+DQo8dGJvZHk+DQo8dHI+DQo8dGQgaWQ9InBp

[2017-Jan-18 15:47:26] CLIENT -> SERVER: YzgiPjxpbWcKc3JjPSJodHRwOi8vYWN0aXZpdGllcy5haXMuY28udGgvYXBwL2VtYWlsX2ZpbHRl

[2017-Jan-18 15:47:26] CLIENT -> SERVER: ci9pbWdwYWdlLmFzcHg/aWQ9OTA4IgphbHQ9IiIgYm9yZGVyPSIwIiAvPjwvdGQ+DQo8L3RyPg0K

[2017-Jan-18 15:47:26] CLIENT -> SERVER: PC90Ym9keT4NCjwvdGFibGU+DQo8YnIgLz4gPGJyIC8+DQo8cD4mbmJzcDs8L3A+DQo8L2Rpdj48

[2017-Jan-18 15:47:26] CLIENT -> SERVER: L2Rpdj4NCg==

[2017-Jan-18 15:47:26] CLIENT -> SERVER: 

[2017-Jan-18 15:47:26] CLIENT -> SERVER: 

[2017-Jan-18 15:47:26] CLIENT -> SERVER: --b2_4ed48384f477764a8eb673b807c0aa0d

[2017-Jan-18 15:47:26] CLIENT -> SERVER: Content-Type: text/html; charset=UTF-8

[2017-Jan-18 15:47:26] CLIENT -> SERVER: Content-Transfer-Encoding: base64

[2017-Jan-18 15:47:26] CLIENT -> SERVER: 

[2017-Jan-18 15:47:26] CLIENT -> SERVER: PGRpdiBzdHlsZT0iZm9udC1mYW1pbHk6J3RhaG9tYSc7Zm9udC1zaXplOjEwcHQ7Ij48ZGl2IGlk

[2017-Jan-18 15:47:26] CLIENT -> SERVER: PSJ0ZW1wbGF0ZV9jb250ZW50Ij4NCjx0YWJsZSBib3JkZXI9IjAiIGNlbGxzcGFjaW5nPSIwIiBj

[2017-Jan-18 15:47:26] CLIENT -> SERVER: ZWxscGFkZGluZz0iMCI+DQo8dGJvZHk+DQo8dHI+DQo8dGQgaWQ9InBpYzEiPjxpbWcgc3JjPSJo

[2017-Jan-18 15:47:26] CLIENT -> SERVER: dHRwOi8vYWN0aXZpdGllcy5haXMuY28udGgvYXBwL2VtYWlsX2ZpbHRlci9pbWdwYWdlLmFzcHg/

[2017-Jan-18 15:47:26] CLIENT -> SERVER: aWQ9OTAxIiBhbHQ9IiIgYm9yZGVyPSIwIiAvPjwvdGQ+DQo8L3RyPg0KPC90Ym9keT4NCjwvdGFi

[2017-Jan-18 15:47:26] CLIENT -> SERVER: bGU+DQo8YnIgLz4gdGVzdDwvZGl2Pg0KPGRpdj48YnIgLz4NCjx0YWJsZSBib3JkZXI9IjAiIGNl

[2017-Jan-18 15:47:26] CLIENT -> SERVER: bGxzcGFjaW5nPSIwIiBjZWxscGFkZGluZz0iMCI+DQo8dGJvZHk+DQo8dHI+DQo8dGQgaWQ9InBp

[2017-Jan-18 15:47:26] CLIENT -> SERVER: YzgiPjxpbWcgc3JjPSJodHRwOi8vYWN0aXZpdGllcy5haXMuY28udGgvYXBwL2VtYWlsX2ZpbHRl

[2017-Jan-18 15:47:26] CLIENT -> SERVER: ci9pbWdwYWdlLmFzcHg/aWQ9OTA4IiBhbHQ9IiIgYm9yZGVyPSIwIiAvPjwvdGQ+DQo8L3RyPg0K

[2017-Jan-18 15:47:26] CLIENT -> SERVER: PC90Ym9keT4NCjwvdGFibGU+DQo8YnIgLz4gPGJyIC8+DQo8cD4mbmJzcDs8L3A+DQo8L2Rpdj48

[2017-Jan-18 15:47:26] CLIENT -> SERVER: L2Rpdj4=

[2017-Jan-18 15:47:26] CLIENT -> SERVER: 

[2017-Jan-18 15:47:26] CLIENT -> SERVER: 

[2017-Jan-18 15:47:26] CLIENT -> SERVER: 

[2017-Jan-18 15:47:26] CLIENT -> SERVER: --b2_4ed48384f477764a8eb673b807c0aa0d--

[2017-Jan-18 15:47:26] CLIENT -> SERVER: 

[2017-Jan-18 15:47:26] CLIENT -> SERVER: --b1_4ed48384f477764a8eb673b807c0aa0d

[2017-Jan-18 15:47:26] CLIENT -> SERVER: Content-Type: image/png; name="20170118/radio_button_checked.png"

[2017-Jan-18 15:47:26] CLIENT -> SERVER: Content-Transfer-Encoding: base64

[2017-Jan-18 15:47:26] CLIENT -> SERVER: Content-Disposition: attachment; filename="20170118/radio_button_checked.png"

[2017-Jan-18 15:47:26] CLIENT -> SERVER: 

[2017-Jan-18 15:47:26] CLIENT -> SERVER: iVBORw0KGgoAAAANSUhEUgAAAFQAAABTCAYAAAABbiB5AAAAAXNSR0IArs4c6QAAAARnQU1BAACx

[2017-Jan-18 15:47:26] CLIENT -> SERVER: jwv8YQUAAAAJcEhZcwAADsMAAA7DAcdvqGQAAAxKSURBVHhe7Z117BRHFMdxdyskFJcARQsUCBYC

[2017-Jan-18 15:47:26] CLIENT -> SERVER: hOBOcPdSKElxSiC4BXeHIH8gwbW4u1sKxYpLcGmZ5nPJXvZ3t3cju/f7/Ug6yQXCzs689903b57N

[2017-Jan-18 15:47:26] CLIENT -> SERVER: EEf83zxFII6no/0/mIgVgL5+/Vrs379fTJ8+XfTq1UvUqVNHlCxZUuTMmVNkzJhRpE6d2vfj77ly

[2017-Jan-18 15:47:26] CLIENT -> SERVER: 5RKlS5cW9erVE7179xazZs0Shw4dEu/evYsVnzNGAP38+bPYtWuX6Nu3ryhWrJiIHz++iBMnjqtf

[2017-Jan-18 15:47:26] CLIENT -> SERVER: ggQJRKlSpUT//v3Fvn37xD///BMjAEcroIcPHxadO3cW6dKlcwWeCviZMmUSPXv2FKdOnYpWYCMO

[2017-Jan-18 15:47:26] CLIENT -> SERVER: 6KdPn8SiRYtEkSJFIg5iKKCR3JUrV4ovX75EHNyIAQrxc+fOFd9//32MARkIcJ48ecSyZcvEv//+

[2017-Jan-18 15:47:26] CLIENT -> SERVER: GzFgIwLojh07RIECBWINkIHAFi9eXBw8eDAioHoK6NOnT0Xz5s1jLZB2YOPGjSs6deokXr165Smw

[2017-Jan-18 15:47:26] CLIENT -> SERVER: ngG6bds2kTlz5m8CTDuw2bJlEwcOHPAMVNeAoo8GDx4s4sWL5zmYiRIlEuzW6GF+2KEJEyb0fB5M

[2017-Jan-18 15:47:26] CLIENT -> SERVER: rnHjxomvX7+6BtYVoG/evBG1a9d2zSB2KDtxnz59fJvGyZMnxbNnzxwZhOknT56I48ePi8WLF4uf

[2017-Jan-18 15:47:26] CLIENT -> SERVER: f/5ZoBO9+KAtWrQQHz9+dAWqMaAwhTejYhM69UEq+BjLly8Xz58/d8UEL0PPwoULRfXq1V05CpUq

[2017-Jan-18 15:47:26] CLIENT -> SERVER: VXKlV40AffjwoShYsKARmBkyZBDDhg0Tf//9t2sQQw1w584dn8eUJk0aIxoRlBcvXhjRpw0oO3mh

[2017-Jan-18 15:47:26] CLIENT -> SERVER: QoW0CcUXHzNmjHj79q0RoSYvsYMPHTpUJE+eXJte4gXEGHSbFqAEIH766Sdt4tq0aSMeP36sS5tn

[2017-Jan-18 15:47:26] CLIENT -> SERVER: /e/duycaNWqkTXfVqlUFcQedpgwom0Hjxo21iPruu+/Eli1bdOiJaN81a9aItGnTavGArarTlAEd

[2017-Jan-18 15:47:26] CLIENT -> SERVER: PXq0FiEVKlQQ6NrY1m7fvi1+/PFHLV5mz56tzIYSoLhpOiE2ljhBkdjaUF0NGjRQBjVJkiTi3Llz

[2017-Jan-18 15:47:26] CLIENT -> SERVER: SuxIAUUx58iRQ3nyX3/91RMDWYl6F52Il7Zv316Zrx9++EHJRpUC2qNHD+VJiaB/Sw0vr23btsr8

[2017-Jan-18 15:47:26] CLIENT -> SERVER: DRkyRMpeWEDxWFQ9EIIiXrhuUoo97kCYsWbNmkqg4gpfu3YtLAUhAQWccuXKKU2E2/jhwwePWY2+

[2017-Jan-18 15:47:26] CLIENT -> SERVER: 4VBrquFGvLtwLSSgGzZsUAITM+Svv/6KPu4jNNPly5dFsmTJlHgmoRiqOQKKdBJwUPHTSS142fCk

[2017-Jan-18 15:47:26] CLIENT -> SERVER: Nm7cKAYMGODz9UnikenkB01169b1Rbe2bt0q3r9/7+XUYsaMGUo8V6lSRQ/Q7du3Kw0sE38dbo8d

[2017-Jan-18 15:47:26] CLIENT -> SERVER: OyZatmypLCV87BQpUoh27dqJM2fO6EwVsi+CVL58eSXeT5w44TiOo4SqKOnEiROLP//80zUjN27c

[2017-Jan-18 15:47:26] CLIENT -> SERVER: ELVq1VJiItSKIfqOa4nR7rZhb6rY3Hx8pxYEKPpQZWcndum2UdiQNGlSV2DaQUZiCeG5bTgmMnWH

[2017-Jan-18 15:47:26] CLIENT -> SERVER: QBGzDWxBgI4cOVI6GJ6DG7eSgANLVUa06XPy8W4KHW7evKkkpTNnzpQDWrhwYSmjugED+6zYfQ0b

[2017-Jan-18 15:47:26] CLIENT -> SERVER: NpTOYQqm9V7r1q1dpYtVolMEo8NKKDpRhZHTp08br6quXbsqzaFCh6zPb7/9Zkzn7t27pXSiawOX

[2017-Jan-18 15:47:26] CLIENT -> SERVER: fZQlT+GVjEgk2LQtWbJEOr5sft3n69atMyIXt1SlSGPVqlVRxo8CaJMmTaQMjxgxwojABw8e+Cro

[2017-Jan-18 15:47:26] CLIENT -> SERVER: dAFx25+sqWnOikCPbH5WnL1FATRr1qzSAUxtvg4dOkjHlhFv+hxgTJrKsg9csX5AHz16JGWYqjmT

[2017-Jan-18 15:47:26] CLIENT -> SERVER: uiDsQ7KcpoC4fQ/TzCQFQ3wC8yjc/PBl99j8gKp8DQx+k4Yb6RYUt++PHTvWhHRRpkwZKe32VesH

[2017-Jan-18 15:47:26] CLIENT -> SERVER: lDC/jOhBgwYZEaUToJbRYPqcmIBJ6969uxSX1atX+4f2A6oiRVR16LarV69KCTIFSec93FMTZ2TK

[2017-Jan-18 15:47:26] CLIENT -> SERVER: lClS+sePHx8MqIrnEi5sFQpoymV0GI9kX0KSum39+vVS+iltt5pfQjkEIGMGadNt/fr1k44rm9er

[2017-Jan-18 15:47:26] CLIENT -> SERVER: 5xRa6LYjR45I6UcYgwAlqS8j3KR8plWrVtJxZfN69fyXX37RxVNcunRJSj/2exCg+KUywp2iKzIK

[2017-Jan-18 15:47:26] CLIENT -> SERVER: ddK1svndPu/YsaOM3KDnBEpk89avXz8Y0MqVK0tfpMJNt+lWm8iId/O8S5cuuuSL69evS3Eh2BMk

[2017-Jan-18 15:47:26] CLIENT -> SERVER: oTVq1JC+aJI7ggk3IHj5LpaMbjt79qyUfjK+QYA2bdpU+qKJ26lbwuMlgIFjzZkzRxdPsWfPHiku

[2017-Jan-18 15:47:26] CLIENT -> SERVER: dn/ev8urFDRs3rxZmyCKxSIJks7YR48e1aYf21s2h70Awg/oqFGjpC9OnTpVmyBqNGPSj7fASJky

[2017-Jan-18 15:47:26] CLIENT -> SERVER: pVG9FcXBMkDtxWR+QInryV40Uep8ARWTTDa32+fNmjXTFgZeUNlUyRIH6VAV5Ute3KStWLFC+rHc

[2017-Jan-18 15:47:26] CLIENT -> SERVER: AiZ73860Dg8qcQhrsyZX5pdQTj9QuxOOMEL+JgelKG1UiX7LQDF9TszSpO7q7t27UkGgcoaxAZNw

[2017-Jan-18 15:47:26] CLIENT -> SERVER: X5QAMzVKMqLXrl2r84H9fTlAKxs7Us83bdpkRPOCBQukNHPqxAIzCFCVkD/ZRJNGYLpixYpSAr0G

[2017-Jan-18 15:47:26] CLIENT -> SERVER: FU/NtKmcwRo+fLhPMvmxyqNIqIqJkypVKuPbE4jcp0+fPtpARc1wasWk8Z5MBRISJAJnAco8UQAl

[2017-Jan-18 15:47:26] CLIENT -> SERVER: lK9SgUZIzrTt3btXUCjhtSQGjseHN3FELL4mT54spZEEIMVt9us5gipHVBL8JUqUMMXT9x4OQiRB

[2017-Jan-18 15:47:26] CLIENT -> SERVER: JbvKPSSmjaqT3LlzhwWUciUKPgLrYoMAJY+tIj2cPnbTiDNmyZJFaS4Veqw+AHHx4kU3pPlufwg3

[2017-Jan-18 15:47:26] CLIENT -> SERVER: J0sdi2fnzp1BScsgQDFxEGUZExzfMzFF7JySiVRZETJaeA6TpKpNzDo7TezY+fLlk0ont0M4HbR1

[2017-Jan-18 15:47:26] CLIENT -> SERVER: LGckGafCxNKlS11JgvUyN+Solp870VWtWjVh4qc7ES/LIbHUkc5QWVRHQInMy/LRMIYkmwSdQ30F

[2017-Jan-18 15:47:26] CLIENT -> SERVER: DklQJpk3b17pkuPwLgdkiah71TjCyGYWSpispc6h3FArIWSNfbdu3ZSk1NRHloFAMPuPP/7wnZ+n

[2017-Jan-18 15:47:26] CLIENT -> SERVER: VJvSQVxYzBTT0ppwc6K+MNLDrUxLOgcOHBhyqJCA8rVUi2Hnz58vwyfWPycVrLIRUT0T7uh3SEBB

[2017-Jan-18 15:47:26] CLIENT -> SERVER: gMMBKroUE8grHRYTyLNby0KMlnROnDgxLIlhAcVo5ZITFVDRpyS0vrVGTb2sKtDSndwTIDvuHRZQ

[2017-Jan-18 15:47:26] CLIENT -> SERVER: ywhXAZQ+2bNn9+TgQHR9lCtXrgiOoMv4Qzq5PIY79WRNCigD6JQiItEmBREyQr1+ThW2ir1tSae9

[2017-Jan-18 15:47:26] CLIENT -> SERVER: OiQcLUqAcvtN/vz5pV/S+tIobnz22NoI55ESkUkmz5FOnJiXL18qsaMEKCPhznFsRYUI+rBEJkyY

[2017-Jan-18 15:47:26] CLIENT -> SERVER: 4NqbUuJCsRM++u+//650bMjik0tnWHGqFxEqAwrNFFupnGGyg04+yYsDWYqYhezGKWJdbwznBgtA

[2017-Jan-18 15:47:26] CLIENT -> SERVER: 52CwFqBQq3oe0g4qt9KQn9chzC2A1vuoK9K8Kp6fnWYEB9camnVuz9UGFEJVUs5OqoGALydNvD70

[2017-Jan-18 15:47:26] CLIENT -> SERVER: 6gQ+QE6aNElpFw+klY0IOq3AscxUss9vBCgDEBxQ1aeB/bjDjrIY6oa8bhcuXBCkcnRvv7FoRDLJ

[2017-Jan-18 15:47:26] CLIENT -> SERVER: s5OysQDViaoZAwoQ8+bNk3oYMtAp1Waj4IZEE5XAcsTnx782uaDLTh9qwSrvZgOzpzZUP7wrQJmE

[2017-Jan-18 15:47:26] CLIENT -> SERVER: y1dNpSEQbHI4RYsW9d1BCkDTpk3zBUe4b4kfOo3qFaJM1GJxsYrMZXRazizpwH/HwLdH+a1Mpq56

[2017-Jan-18 15:47:26] CLIENT -> SERVER: cg0ooHKkUfcuJJnkevUc8FjGli9OLNP6Wf9ONvb+/ftRhJBAOxKqel2SlZv3BFAoIXpN+bfKWXOv

[2017-Jan-18 15:47:26] CLIENT -> SERVER: wJJFh5xAtANKUIeTgU42prXcZfYnQNLH6u8ZoNbn5WYG9GJ0gBZqjkAgUSWYbgSPrR/28fnz5x1V

[2017-Jan-18 15:47:26] CLIENT -> SERVER: IyCpbEh2PRsxQKGQiajFjIkrhO1g4q3ZQSRFThIPvRxu57YD6oQ4FoClEuxFDvT1XELtBBD+I3Ab

[2017-Jan-18 15:47:26] CLIENT -> SERVER: XcDawSQ4boEJkPw3GGxyKpaE3WSy8+MEpDSNrGoe6PRjUo52ly1bNmKqwIoKoSMBEDCJc7K0KdXU

[2017-Jan-18 15:47:26] CLIENT -> SERVER: Mc6dAA2USHZ/JymPqIQ6gU6ggSJWzCMv9awlnWw0nGghsn7r1i2d7+7va9eNgIatay1t/gx3/Ua0

[2017-Jan-18 15:47:26] CLIENT -> SERVER: A2rnEFOFO5hJCBIiU81hBcYJuCSWknbGMjl1HIi602YDkCpSHqOAOjFCZIrIOMuUW3M4/UaFGz/+

[2017-Jan-18 15:47:26] CLIENT -> SERVER: TvYTbwbPivrNQL1mJJIBLwUCqnNzeKwC1AQMu75zcxNO4OZj4nYyxn/AyjixiWBvHAAAAABJRU5E

[2017-Jan-18 15:47:26] CLIENT -> SERVER: rkJggg==

[2017-Jan-18 15:47:26] CLIENT -> SERVER: 

[2017-Jan-18 15:47:26] CLIENT -> SERVER: 

[2017-Jan-18 15:47:26] CLIENT -> SERVER: --b1_4ed48384f477764a8eb673b807c0aa0d--

[2017-Jan-18 15:47:26] CLIENT -> SERVER: 

[2017-Jan-18 15:47:26] CLIENT -> SERVER: .

[2017-Jan-18 15:47:26] SERVER -> CLIENT: 250 2.6.0 7145 bytes received in 00:00:00; Message id 201701181547272883 accepted for delivery

[2017-Jan-18 15:47:26] CLIENT -> SERVER: QUIT

[2017-Jan-18 15:47:26] SERVER -> CLIENT: 221 2.0.0 mailgw.channel.ais.co.th closing connection

[2017-Jan-18 15:47:26] Connection: closed
[2017-Jan-18 15:47:26] SMTP Error: The following recipients failed: pathatai@icctech.co.th
[2017-Jan-18 15:47:26] Send Fail: SMTP Error: The following recipients failed: pathatai@icctech.co.th
[2017-Jan-18 15:47:26] ======================================================================================
[2017-Jan-18 15:55:35] ======================================================================================
[2017-Jan-18 18:28:38] Connection: opening to mailgw.channel.ais.co.th:25, t=300, opt=array (
)
[2017-Jan-18 18:28:38] Connection: opened
[2017-Jan-18 18:28:38] SERVER -> CLIENT: 220 mailgw.channel.ais.co.th ESMTP IceWarp 10.4.5; Wed, 18 Jan 2017 18:28:39 +0700

[2017-Jan-18 18:28:38] CLIENT -> SERVER: EHLO cl1dev.smm.ais.co.th

[2017-Jan-18 18:28:38] SERVER -> CLIENT: 250-mailgw.channel.ais.co.th Hello cl1dev.smm.ais.co.th [10.239.252.63], pleased to meet you.
250-ENHANCEDSTATUSCODES
250-SIZE 10485760
250-EXPN
250-ETRN
250-ATRN
250-DSN
250-CHECKPOINT
250-8BITMIME
250-AUTH PLAIN LOGIN DIGEST-MD5 CRAM-MD5 GSSAPI
250-STARTTLS
250 HELP

[2017-Jan-18 18:28:38] CLIENT -> SERVER: MAIL FROM:<1149test1@ais.co.th>

[2017-Jan-18 18:28:38] SERVER -> CLIENT: 250 2.1.0 <1149test1@ais.co.th>... Sender ok

[2017-Jan-18 18:28:38] CLIENT -> SERVER: RCPT TO:<pathatai@icctech.co.th>

[2017-Jan-18 18:28:38] SERVER -> CLIENT: 550 5.7.1 <pathatai@icctech.co.th>... we do not relay <1149test1@ais.co.th>

[2017-Jan-18 18:28:38] SMTP ERROR: RCPT TO command failed: 550 5.7.1 <pathatai@icctech.co.th>... we do not relay <1149test1@ais.co.th>

[2017-Jan-18 18:28:38] CLIENT -> SERVER: QUIT

[2017-Jan-18 18:28:38] SERVER -> CLIENT: 221 2.0.0 mailgw.channel.ais.co.th closing connection

[2017-Jan-18 18:28:38] Connection: closed
[2017-Jan-18 18:28:38] SMTP Error: The following recipients failed: pathatai@icctech.co.th
[2017-Jan-18 18:28:38] Send Fail: SMTP Error: The following recipients failed: pathatai@icctech.co.th
[2017-Jan-18 18:28:38] ======================================================================================
